#
# There is insufficient memory for the Java Runtime Environment to continue.
# Native memory allocation (mmap) failed to map 117440512 bytes for G1 virtual space
# Possible reasons:
#   The system is out of physical RAM or swap space
#   The process is running with CompressedOops enabled, and the Java Heap may be blocking the growth of the native heap
# Possible solutions:
#   Reduce memory load on the system
#   Increase physical memory or swap space
#   Check if swap backing store is full
#   Decrease Java heap size (-Xmx/-Xms)
#   Decrease number of Java threads
#   Decrease Java thread stack sizes (-Xss)
#   Set larger code cache with -XX:ReservedCodeCacheSize=
#   JVM is running with Unscaled Compressed Oops mode in which the Java heap is
#     placed in the first 4GB address space. The Java Heap base address is the
#     maximum limit for the native heap growth. Please use -XX:HeapBaseMinAddress
#     to set the Java Heap base and to place the Java Heap above 4GB virtual address.
# This output file may be truncated or incomplete.
#
#  Out of Memory Error (os_windows.cpp:3825), pid=1180, tid=10544
#
# JRE version: OpenJDK Runtime Environment (17.0.10) (build 17.0.10+0--11609105)
# Java VM: OpenJDK 64-Bit Server VM (17.0.10+0--11609105, mixed mode, tiered, compressed oops, compressed class ptrs, g1 gc, windows-amd64)
# No core dump will be written. Minidumps are not enabled by default on client versions of Windows
#

---------------  S U M M A R Y ------------

Command Line: --add-opens=java.base/java.util=ALL-UNNAMED --add-opens=java.base/java.lang=ALL-UNNAMED --add-opens=java.base/java.lang.invoke=ALL-UNNAMED --add-opens=java.prefs/java.util.prefs=ALL-UNNAMED --add-opens=java.base/java.nio.charset=ALL-UNNAMED --add-opens=java.base/java.net=ALL-UNNAMED --add-opens=java.base/java.util.concurrent.atomic=ALL-UNNAMED -Xmx2048m -Dfile.encoding=UTF-8 -Duser.country=RU -Duser.language=ru -Duser.variant -javaagent:C:\Users\tapam\.gradle\wrapper\dists\gradle-8.7-bin\bhs2wmbdwecv87pi65oeuq5iu\gradle-8.7\lib\agents\gradle-instrumentation-agent-8.7.jar org.gradle.launcher.daemon.bootstrap.GradleDaemon 8.7

Host: AMD Ryzen 5 3550H with Radeon Vega Mobile Gfx  , 8 cores, 5G,  Windows 10 , 64 bit Build 19041 (10.0.19041.3636)
Time: Sat Jun 22 22:16:13 2024 RTZ 2 (s 10 , 64 bit Build 19041 (10.0.19041.3636) elapsed time: 29.626905 seconds (0d 0h 0m 29s)

---------------  T H R E A D  ---------------

Current thread (0x000001c79f25aa40):  VMThread "VM Thread" [stack: 0x0000002b7e800000,0x0000002b7e900000] [id=10544]

Stack: [0x0000002b7e800000,0x0000002b7e900000]
Native frames: (J=compiled Java code, j=interpreted, Vv=VM code, C=native code)
V  [jvm.dll+0x688de9]
V  [jvm.dll+0x8423da]
V  [jvm.dll+0x84401e]
V  [jvm.dll+0x844683]
V  [jvm.dll+0x24be0f]
V  [jvm.dll+0x685bb9]
V  [jvm.dll+0x67a46a]
V  [jvm.dll+0x30cbab]
V  [jvm.dll+0x314056]
V  [jvm.dll+0x363dce]
V  [jvm.dll+0x363fff]
V  [jvm.dll+0x2e2978]
V  [jvm.dll+0x2e0b54]
V  [jvm.dll+0x2e015c]
V  [jvm.dll+0x32502b]
V  [jvm.dll+0x848d7b]
V  [jvm.dll+0x849ac1]
V  [jvm.dll+0x849fdd]
V  [jvm.dll+0x84a3b4]
V  [jvm.dll+0x84a480]
V  [jvm.dll+0x7f0c7a]
V  [jvm.dll+0x687c65]
C  [ucrtbase.dll+0x21bb2]
C  [KERNEL32.DLL+0x17344]
C  [ntdll.dll+0x4cc91]

VM_Operation (0x0000002b00afe0c0): G1CollectForAllocation, mode: safepoint, requested by thread 0x000001c7a5c27460


---------------  P R O C E S S  ---------------

Threads class SMR info:
_java_thread_list=0x000001c7a4c7e220, length=94, elements={
0x000001c7853ffe80, 0x000001c79f260670, 0x000001c79f262410, 0x000001c79f28e4c0,
0x000001c79f4c8070, 0x000001c79f4ca950, 0x000001c79f4cb220, 0x000001c79f4cbe20,
0x000001c79f4cc7e0, 0x000001c79f4cd8d0, 0x000001c79f1e68e0, 0x000001c79f714740,
0x000001c7a56bb120, 0x000001c7a53c34b0, 0x000001c7a56e6090, 0x000001c7a5b595d0,
0x000001c7a4f58830, 0x000001c7a5776a30, 0x000001c7a54da660, 0x000001c7a5c26f50,
0x000001c7a5c288a0, 0x000001c7a5c27e80, 0x000001c7a5c2a700, 0x000001c7a5c28390,
0x000001c7a5c27460, 0x000001c7a5c292c0, 0x000001c7a5c27970, 0x000001c7a5c297d0,
0x000001c7a5c29ce0, 0x000001c7a5c2a1f0, 0x000001c7a5c9fb90, 0x000001c7a5ca0ac0,
0x000001c7a5c9e750, 0x000001c7a5c9ec60, 0x000001c7a5c9f680, 0x000001c7a5c9f170,
0x000001c7a5c9e240, 0x000001c7a5ca00a0, 0x000001c7a5ca5bc0, 0x000001c7a5ca1f00,
0x000001c7a5ca2e30, 0x000001c7a5ca3850, 0x000001c7a5ca05b0, 0x000001c7a5ca0fd0,
0x000001c7a5ca14e0, 0x000001c7a5ca19f0, 0x000001c7a5ca4c90, 0x000001c7a5ca2410,
0x000001c7a5ca51a0, 0x000001c7a5ca3340, 0x000001c7a62565f0, 0x000001c7a6256b00,
0x000001c7a6258e70, 0x000001c7a6257010, 0x000001c7a62556c0, 0x000001c7a6257a30,
0x000001c7a6254ca0, 0x000001c7a6253d70, 0x000001c7a6257f40, 0x000001c7a6259da0,
0x000001c7a6254790, 0x000001c7a6259380, 0x000001c7a6254280, 0x000001c7a62551b0,
0x000001c7a6255bd0, 0x000001c7a6258450, 0x000001c7a6258960, 0x000001c7a6259890,
0x000001c7a625a2b0, 0x000001c7a625a7c0, 0x000001c7a6253350, 0x000001c7a625acd0,
0x000001c7a6253860, 0x000001c7a4c71ab0, 0x000001c7a4c6ed20, 0x000001c7a4c6ddf0,
0x000001c7a4c6fc50, 0x000001c7a4c70b80, 0x000001c7a4c73910, 0x000001c7a4c6e300,
0x000001c7a4c6f230, 0x000001c7a4c73400, 0x000001c7a4c724d0, 0x000001c7a4c729e0,
0x000001c7a4c6d8e0, 0x000001c7a4c72ef0, 0x000001c7a4c73e20, 0x000001c7a4c70160,
0x000001c7a4c6f740, 0x000001c7a4c70670, 0x000001c7a4c71090, 0x000001c7a4c715a0,
0x000001c7a4c74330, 0x000001c7a4c71fc0
}

Java Threads: ( => current thread )
  0x000001c7853ffe80 JavaThread "main" [_thread_blocked, id=4652, stack(0x0000002b7e200000,0x0000002b7e300000)]
  0x000001c79f260670 JavaThread "Reference Handler" daemon [_thread_blocked, id=12700, stack(0x0000002b7e900000,0x0000002b7ea00000)]
  0x000001c79f262410 JavaThread "Finalizer" daemon [_thread_blocked, id=4900, stack(0x0000002b7ea00000,0x0000002b7eb00000)]
  0x000001c79f28e4c0 JavaThread "Signal Dispatcher" daemon [_thread_blocked, id=10256, stack(0x0000002b7eb00000,0x0000002b7ec00000)]
  0x000001c79f4c8070 JavaThread "Attach Listener" daemon [_thread_blocked, id=14228, stack(0x0000002b7ec00000,0x0000002b7ed00000)]
  0x000001c79f4ca950 JavaThread "Service Thread" daemon [_thread_blocked, id=3992, stack(0x0000002b7ed00000,0x0000002b7ee00000)]
  0x000001c79f4cb220 JavaThread "Monitor Deflation Thread" daemon [_thread_blocked, id=2152, stack(0x0000002b7ee00000,0x0000002b7ef00000)]
  0x000001c79f4cbe20 JavaThread "C2 CompilerThread0" daemon [_thread_blocked, id=7988, stack(0x0000002b7ef00000,0x0000002b7f000000)]
  0x000001c79f4cc7e0 JavaThread "C1 CompilerThread0" daemon [_thread_blocked, id=6908, stack(0x0000002b7f000000,0x0000002b7f100000)]
  0x000001c79f4cd8d0 JavaThread "Sweeper thread" daemon [_thread_blocked, id=1920, stack(0x0000002b7f100000,0x0000002b7f200000)]
  0x000001c79f1e68e0 JavaThread "Common-Cleaner" daemon [_thread_blocked, id=9572, stack(0x0000002b7f200000,0x0000002b7f300000)]
  0x000001c79f714740 JavaThread "Notification Thread" daemon [_thread_blocked, id=14096, stack(0x0000002b7f300000,0x0000002b7f400000)]
  0x000001c7a56bb120 JavaThread "Daemon health stats" [_thread_blocked, id=3524, stack(0x0000002b7fa00000,0x0000002b7fb00000)]
  0x000001c7a53c34b0 JavaThread "Incoming local TCP Connector on port 63949" [_thread_in_native, id=13336, stack(0x0000002b7fb00000,0x0000002b7fc00000)]
  0x000001c7a56e6090 JavaThread "Daemon periodic checks" [_thread_blocked, id=2360, stack(0x0000002b7fc00000,0x0000002b7fd00000)]
  0x000001c7a5b595d0 JavaThread "Daemon" [_thread_blocked, id=1940, stack(0x0000002b7fd00000,0x0000002b7fe00000)]
  0x000001c7a4f58830 JavaThread "Handler for socket connection from /127.0.0.1:63949 to /127.0.0.1:63951" [_thread_in_native, id=7024, stack(0x0000002b7fe00000,0x0000002b7ff00000)]
  0x000001c7a5776a30 JavaThread "Cancel handler" [_thread_blocked, id=6296, stack(0x0000002b7ff00000,0x0000002b80000000)]
  0x000001c7a54da660 JavaThread "Daemon worker" [_thread_blocked, id=12948, stack(0x0000002b00000000,0x0000002b00100000)]
  0x000001c7a5c26f50 JavaThread "Asynchronous log dispatcher for DefaultDaemonConnection: socket connection from /127.0.0.1:63949 to /127.0.0.1:63951" [_thread_blocked, id=7892, stack(0x0000002b00100000,0x0000002b00200000)]
  0x000001c7a5c288a0 JavaThread "Stdin handler" [_thread_blocked, id=10412, stack(0x0000002b00200000,0x0000002b00300000)]
  0x000001c7a5c27e80 JavaThread "Daemon client event forwarder" [_thread_blocked, id=11652, stack(0x0000002b00300000,0x0000002b00400000)]
  0x000001c7a5c2a700 JavaThread "Cache worker for journal cache (C:\Users\tapam\.gradle\caches\journal-1)" [_thread_blocked, id=13392, stack(0x0000002b00800000,0x0000002b00900000)]
  0x000001c7a5c28390 JavaThread "File lock request listener" [_thread_in_native, id=13932, stack(0x0000002b00900000,0x0000002b00a00000)]
  0x000001c7a5c27460 JavaThread "Cache worker for file hash cache (C:\Users\tapam\.gradle\caches\8.7\fileHashes)" [_thread_blocked, id=3044, stack(0x0000002b00a00000,0x0000002b00b00000)]
  0x000001c7a5c292c0 JavaThread "Cache worker for file hash cache (C:\Users\tapam\AndroidStudioProjects\Mind\.gradle\8.7\fileHashes)" [_thread_blocked, id=5832, stack(0x0000002b00b00000,0x0000002b00c00000)]
  0x000001c7a5c27970 JavaThread "File watcher server" daemon [_thread_in_native, id=5360, stack(0x0000002b00c00000,0x0000002b00d00000)]
  0x000001c7a5c297d0 JavaThread "File watcher consumer" daemon [_thread_blocked, id=2876, stack(0x0000002b00d00000,0x0000002b00e00000)]
  0x000001c7a5c29ce0 JavaThread "jar transforms" [_thread_blocked, id=2080, stack(0x0000002b00e00000,0x0000002b00f00000)]
  0x000001c7a5c2a1f0 JavaThread "jar transforms Thread 2" [_thread_blocked, id=11812, stack(0x0000002b00f00000,0x0000002b01000000)]
  0x000001c7a5c9fb90 JavaThread "jar transforms Thread 3" [_thread_blocked, id=11704, stack(0x0000002b01000000,0x0000002b01100000)]
  0x000001c7a5ca0ac0 JavaThread "jar transforms Thread 4" [_thread_blocked, id=6560, stack(0x0000002b01100000,0x0000002b01200000)]
  0x000001c7a5c9e750 JavaThread "jar transforms Thread 5" [_thread_blocked, id=2332, stack(0x0000002b01200000,0x0000002b01300000)]
  0x000001c7a5c9ec60 JavaThread "jar transforms Thread 6" [_thread_blocked, id=12832, stack(0x0000002b01300000,0x0000002b01400000)]
  0x000001c7a5c9f680 JavaThread "jar transforms Thread 7" [_thread_blocked, id=1676, stack(0x0000002b01400000,0x0000002b01500000)]
  0x000001c7a5c9f170 JavaThread "jar transforms Thread 8" [_thread_blocked, id=13140, stack(0x0000002b01500000,0x0000002b01600000)]
  0x000001c7a5c9e240 JavaThread "Cache worker for checksums cache (C:\Users\tapam\AndroidStudioProjects\Mind\.gradle\8.7\checksums)" [_thread_blocked, id=5940, stack(0x0000002b01600000,0x0000002b01700000)]
  0x000001c7a5ca00a0 JavaThread "Cache worker for cache directory md-supplier (C:\Users\tapam\.gradle\caches\8.7\md-supplier)" [_thread_blocked, id=9464, stack(0x0000002b01700000,0x0000002b01800000)]
  0x000001c7a5ca5bc0 JavaThread "Cache worker for cache directory md-rule (C:\Users\tapam\.gradle\caches\8.7\md-rule)" [_thread_blocked, id=8160, stack(0x0000002b01800000,0x0000002b01900000)]
  0x000001c7a5ca1f00 JavaThread "Cache worker for file content cache (C:\Users\tapam\.gradle\caches\8.7\fileContent)" [_thread_blocked, id=7808, stack(0x0000002b01900000,0x0000002b01a00000)]
  0x000001c7a5ca2e30 JavaThread "Unconstrained build operations" [_thread_blocked, id=12892, stack(0x0000002b01a00000,0x0000002b01b00000)]
  0x000001c7a5ca3850 JavaThread "Unconstrained build operations Thread 2" [_thread_blocked, id=6892, stack(0x0000002b01b00000,0x0000002b01c00000)]
  0x000001c7a5ca05b0 JavaThread "Unconstrained build operations Thread 3" [_thread_blocked, id=1508, stack(0x0000002b01c00000,0x0000002b01d00000)]
  0x000001c7a5ca0fd0 JavaThread "Unconstrained build operations Thread 4" [_thread_blocked, id=11284, stack(0x0000002b01d00000,0x0000002b01e00000)]
  0x000001c7a5ca14e0 JavaThread "Unconstrained build operations Thread 5" [_thread_blocked, id=6920, stack(0x0000002b01e00000,0x0000002b01f00000)]
  0x000001c7a5ca19f0 JavaThread "Unconstrained build operations Thread 6" [_thread_blocked, id=8460, stack(0x0000002b01f00000,0x0000002b02000000)]
  0x000001c7a5ca4c90 JavaThread "Unconstrained build operations Thread 7" [_thread_blocked, id=4128, stack(0x0000002b02000000,0x0000002b02100000)]
  0x000001c7a5ca2410 JavaThread "Unconstrained build operations Thread 8" [_thread_blocked, id=6940, stack(0x0000002b02100000,0x0000002b02200000)]
  0x000001c7a5ca51a0 JavaThread "Unconstrained build operations Thread 9" [_thread_blocked, id=4184, stack(0x0000002b02200000,0x0000002b02300000)]
  0x000001c7a5ca3340 JavaThread "Cache worker for Build Output Cleanup Cache (C:\Users\tapam\AndroidStudioProjects\Mind\.gradle\buildOutputCleanup)" [_thread_blocked, id=8060, stack(0x0000002b02300000,0x0000002b02400000)]
  0x000001c7a62565f0 JavaThread "Unconstrained build operations Thread 10" [_thread_blocked, id=3356, stack(0x0000002b02500000,0x0000002b02600000)]
  0x000001c7a6256b00 JavaThread "Unconstrained build operations Thread 11" [_thread_blocked, id=9400, stack(0x0000002b02600000,0x0000002b02700000)]
  0x000001c7a6258e70 JavaThread "Unconstrained build operations Thread 12" [_thread_blocked, id=11828, stack(0x0000002b02700000,0x0000002b02800000)]
  0x000001c7a6257010 JavaThread "Unconstrained build operations Thread 13" [_thread_blocked, id=9404, stack(0x0000002b02800000,0x0000002b02900000)]
  0x000001c7a62556c0 JavaThread "Unconstrained build operations Thread 14" [_thread_blocked, id=7596, stack(0x0000002b02900000,0x0000002b02a00000)]
  0x000001c7a6257a30 JavaThread "Unconstrained build operations Thread 15" [_thread_blocked, id=12932, stack(0x0000002b02a00000,0x0000002b02b00000)]
  0x000001c7a6254ca0 JavaThread "Unconstrained build operations Thread 16" [_thread_blocked, id=13656, stack(0x0000002b02b00000,0x0000002b02c00000)]
  0x000001c7a6253d70 JavaThread "Unconstrained build operations Thread 17" [_thread_blocked, id=11628, stack(0x0000002b02c00000,0x0000002b02d00000)]
  0x000001c7a6257f40 JavaThread "Unconstrained build operations Thread 18" [_thread_blocked, id=6120, stack(0x0000002b02d00000,0x0000002b02e00000)]
  0x000001c7a6259da0 JavaThread "Unconstrained build operations Thread 19" [_thread_blocked, id=13112, stack(0x0000002b02e00000,0x0000002b02f00000)]
  0x000001c7a6254790 JavaThread "Unconstrained build operations Thread 20" [_thread_blocked, id=6836, stack(0x0000002b02f00000,0x0000002b03000000)]
  0x000001c7a6259380 JavaThread "Unconstrained build operations Thread 21" [_thread_blocked, id=2816, stack(0x0000002b03000000,0x0000002b03100000)]
  0x000001c7a6254280 JavaThread "Unconstrained build operations Thread 22" [_thread_blocked, id=8860, stack(0x0000002b03100000,0x0000002b03200000)]
  0x000001c7a62551b0 JavaThread "Unconstrained build operations Thread 23" [_thread_blocked, id=2280, stack(0x0000002b03200000,0x0000002b03300000)]
  0x000001c7a6255bd0 JavaThread "Unconstrained build operations Thread 24" [_thread_blocked, id=4988, stack(0x0000002b03300000,0x0000002b03400000)]
  0x000001c7a6258450 JavaThread "Unconstrained build operations Thread 25" [_thread_blocked, id=10052, stack(0x0000002b03400000,0x0000002b03500000)]
  0x000001c7a6258960 JavaThread "Unconstrained build operations Thread 26" [_thread_blocked, id=1916, stack(0x0000002b03500000,0x0000002b03600000)]
  0x000001c7a6259890 JavaThread "Unconstrained build operations Thread 27" [_thread_blocked, id=11740, stack(0x0000002b03600000,0x0000002b03700000)]
  0x000001c7a625a2b0 JavaThread "Unconstrained build operations Thread 28" [_thread_blocked, id=10976, stack(0x0000002b03700000,0x0000002b03800000)]
  0x000001c7a625a7c0 JavaThread "Unconstrained build operations Thread 29" [_thread_blocked, id=8868, stack(0x0000002b03800000,0x0000002b03900000)]
  0x000001c7a6253350 JavaThread "Unconstrained build operations Thread 30" [_thread_blocked, id=3968, stack(0x0000002b03900000,0x0000002b03a00000)]
  0x000001c7a625acd0 JavaThread "Unconstrained build operations Thread 31" [_thread_blocked, id=10392, stack(0x0000002b03a00000,0x0000002b03b00000)]
  0x000001c7a6253860 JavaThread "Unconstrained build operations Thread 32" [_thread_blocked, id=6232, stack(0x0000002b03b00000,0x0000002b03c00000)]
  0x000001c7a4c71ab0 JavaThread "Unconstrained build operations Thread 33" [_thread_blocked, id=11924, stack(0x0000002b03c00000,0x0000002b03d00000)]
  0x000001c7a4c6ed20 JavaThread "Unconstrained build operations Thread 34" [_thread_blocked, id=7572, stack(0x0000002b03d00000,0x0000002b03e00000)]
  0x000001c7a4c6ddf0 JavaThread "Unconstrained build operations Thread 35" [_thread_blocked, id=9292, stack(0x0000002b03e00000,0x0000002b03f00000)]
  0x000001c7a4c6fc50 JavaThread "Unconstrained build operations Thread 36" [_thread_blocked, id=9672, stack(0x0000002b03f00000,0x0000002b04000000)]
  0x000001c7a4c70b80 JavaThread "Unconstrained build operations Thread 37" [_thread_blocked, id=2380, stack(0x0000002b04000000,0x0000002b04100000)]
  0x000001c7a4c73910 JavaThread "Unconstrained build operations Thread 38" [_thread_blocked, id=12304, stack(0x0000002b04100000,0x0000002b04200000)]
  0x000001c7a4c6e300 JavaThread "Unconstrained build operations Thread 39" [_thread_blocked, id=12824, stack(0x0000002b04200000,0x0000002b04300000)]
  0x000001c7a4c6f230 JavaThread "Unconstrained build operations Thread 40" [_thread_blocked, id=13288, stack(0x0000002b04300000,0x0000002b04400000)]
  0x000001c7a4c73400 JavaThread "Unconstrained build operations Thread 41" [_thread_blocked, id=10408, stack(0x0000002b04400000,0x0000002b04500000)]
  0x000001c7a4c724d0 JavaThread "Unconstrained build operations Thread 42" [_thread_blocked, id=8156, stack(0x0000002b04500000,0x0000002b04600000)]
  0x000001c7a4c729e0 JavaThread "Unconstrained build operations Thread 43" [_thread_blocked, id=2004, stack(0x0000002b04600000,0x0000002b04700000)]
  0x000001c7a4c6d8e0 JavaThread "Unconstrained build operations Thread 44" [_thread_blocked, id=5840, stack(0x0000002b04700000,0x0000002b04800000)]
  0x000001c7a4c72ef0 JavaThread "Unconstrained build operations Thread 45" [_thread_blocked, id=2180, stack(0x0000002b04800000,0x0000002b04900000)]
  0x000001c7a4c73e20 JavaThread "Unconstrained build operations Thread 46" [_thread_blocked, id=14008, stack(0x0000002b04900000,0x0000002b04a00000)]
  0x000001c7a4c70160 JavaThread "Unconstrained build operations Thread 47" [_thread_blocked, id=11600, stack(0x0000002b04a00000,0x0000002b04b00000)]
  0x000001c7a4c6f740 JavaThread "Unconstrained build operations Thread 48" [_thread_blocked, id=9016, stack(0x0000002b04b00000,0x0000002b04c00000)]
  0x000001c7a4c70670 JavaThread "Unconstrained build operations Thread 49" [_thread_blocked, id=13168, stack(0x0000002b04c00000,0x0000002b04d00000)]
  0x000001c7a4c71090 JavaThread "Unconstrained build operations Thread 50" [_thread_blocked, id=12712, stack(0x0000002b04d00000,0x0000002b04e00000)]
  0x000001c7a4c715a0 JavaThread "Unconstrained build operations Thread 51" [_thread_blocked, id=3820, stack(0x0000002b04e00000,0x0000002b04f00000)]
  0x000001c7a4c74330 JavaThread "Unconstrained build operations Thread 52" [_thread_blocked, id=2520, stack(0x0000002b04f00000,0x0000002b05000000)]
  0x000001c7a4c71fc0 JavaThread "Unconstrained build operations Thread 53" [_thread_blocked, id=13500, stack(0x0000002b05000000,0x0000002b05100000)]

Other Threads:
=>0x000001c79f25aa40 VMThread "VM Thread" [stack: 0x0000002b7e800000,0x0000002b7e900000] [id=10544]
  0x000001c79f7843b0 WatcherThread [stack: 0x0000002b7f400000,0x0000002b7f500000] [id=612]
  0x000001c78545bd60 GCTaskThread "GC Thread#0" [stack: 0x0000002b7e300000,0x0000002b7e400000] [id=2472]
  0x000001c7a49bcc30 GCTaskThread "GC Thread#1" [stack: 0x0000002b7f500000,0x0000002b7f600000] [id=10100]
  0x000001c7a47c4650 GCTaskThread "GC Thread#2" [stack: 0x0000002b7f600000,0x0000002b7f700000] [id=4312]
  0x000001c7a48b36f0 GCTaskThread "GC Thread#3" [stack: 0x0000002b7f700000,0x0000002b7f800000] [id=7504]
  0x000001c7a4c0cce0 GCTaskThread "GC Thread#4" [stack: 0x0000002b7f800000,0x0000002b7f900000] [id=10796]
  0x000001c7a6bd2620 GCTaskThread "GC Thread#5" [stack: 0x0000002b00400000,0x0000002b00500000] [id=11636]
  0x000001c7a6bd3120 GCTaskThread "GC Thread#6" [stack: 0x0000002b00500000,0x0000002b00600000] [id=5260]
  0x000001c7a6bd2360 GCTaskThread "GC Thread#7" [stack: 0x0000002b00600000,0x0000002b00700000] [id=3732]
  0x000001c78546cbc0 ConcurrentGCThread "G1 Main Marker" [stack: 0x0000002b7e400000,0x0000002b7e500000] [id=1868]
  0x000001c78546d4f0 ConcurrentGCThread "G1 Conc#0" [stack: 0x0000002b7e500000,0x0000002b7e600000] [id=3048]
  0x000001c7a6bd33e0 ConcurrentGCThread "G1 Conc#1" [stack: 0x0000002b00700000,0x0000002b00800000] [id=5180]
  0x000001c7854bdb40 ConcurrentGCThread "G1 Refine#0" [stack: 0x0000002b7e600000,0x0000002b7e700000] [id=7460]
  0x000001c7854be480 ConcurrentGCThread "G1 Service" [stack: 0x0000002b7e700000,0x0000002b7e800000] [id=11248]

Threads with active compile tasks:
C2 CompilerThread0    29676 9980 %     4       org.objectweb.asm.ClassReader::readCode @ 2186 (5117 bytes)

VM state: at safepoint (normal execution)

VM Mutex/Monitor currently owned by a thread:  ([mutex/lock_event])
[0x000001c7853fbd10] Threads_lock - owner thread: 0x000001c79f25aa40
[0x000001c7853fc070] Heap_lock - owner thread: 0x000001c7a5c27460

Heap address: 0x0000000080000000, size: 2048 MB, Compressed Oops mode: 32-bit

CDS archive(s) not mapped
Compressed class space mapped at: 0x0000000100000000-0x0000000140000000, reserved size: 1073741824
Narrow klass base: 0x0000000000000000, Narrow klass shift: 3, Narrow klass range: 0x140000000

GC Precious Log:
 CPUs: 8 total, 8 available
 Memory: 6089M
 Large Page Support: Disabled
 NUMA Support: Disabled
 Compressed Oops: Enabled (32-bit)
 Heap Region Size: 1M
 Heap Min Capacity: 8M
 Heap Initial Capacity: 96M
 Heap Max Capacity: 2G
 Pre-touch: Disabled
 Parallel Workers: 8
 Concurrent Workers: 2
 Concurrent Refinement Workers: 8
 Periodic GC: Disabled

Heap:
 garbage-first heap   total 167936K, used 93570K [0x0000000080000000, 0x0000000100000000)
  region size 1024K, 2 young (2048K), 2 survivors (2048K)
 Metaspace       used 75558K, committed 76160K, reserved 1179648K
  class space    used 10008K, committed 10304K, reserved 1048576K

Heap Regions: E=young(eden), S=young(survivor), O=old, HS=humongous(starts), HC=humongous(continues), CS=collection set, F=free, OA=open archive, CA=closed archive, TAMS=top-at-mark-start (previous, next)
|   0|0x0000000080000000, 0x0000000080100000, 0x0000000080100000|100%|HS|  |TAMS 0x0000000080100000, 0x0000000080100000| Complete 
|   1|0x0000000080100000, 0x0000000080200000, 0x0000000080200000|100%|HC|  |TAMS 0x0000000080200000, 0x0000000080200000| Complete 
|   2|0x0000000080200000, 0x0000000080300000, 0x0000000080300000|100%|HC|  |TAMS 0x0000000080300000, 0x0000000080300000| Complete 
|   3|0x0000000080300000, 0x0000000080400000, 0x0000000080400000|100%|HC|  |TAMS 0x0000000080400000, 0x0000000080400000| Complete 
|   4|0x0000000080400000, 0x0000000080500000, 0x0000000080500000|100%| O|  |TAMS 0x0000000080500000, 0x0000000080500000| Untracked 
|   5|0x0000000080500000, 0x0000000080600000, 0x0000000080600000|100%| O|  |TAMS 0x0000000080600000, 0x0000000080600000| Untracked 
|   6|0x0000000080600000, 0x0000000080700000, 0x0000000080700000|100%| O|  |TAMS 0x0000000080700000, 0x0000000080700000| Untracked 
|   7|0x0000000080700000, 0x0000000080800000, 0x0000000080800000|100%| O|  |TAMS 0x0000000080800000, 0x0000000080800000| Untracked 
|   8|0x0000000080800000, 0x0000000080900000, 0x0000000080900000|100%| O|  |TAMS 0x0000000080900000, 0x0000000080900000| Untracked 
|   9|0x0000000080900000, 0x0000000080a00000, 0x0000000080a00000|100%| O|  |TAMS 0x0000000080a00000, 0x0000000080a00000| Untracked 
|  10|0x0000000080a00000, 0x0000000080b00000, 0x0000000080b00000|100%| O|  |TAMS 0x0000000080b00000, 0x0000000080b00000| Untracked 
|  11|0x0000000080b00000, 0x0000000080c00000, 0x0000000080c00000|100%| O|  |TAMS 0x0000000080c00000, 0x0000000080c00000| Untracked 
|  12|0x0000000080c00000, 0x0000000080d00000, 0x0000000080d00000|100%| O|  |TAMS 0x0000000080d00000, 0x0000000080d00000| Untracked 
|  13|0x0000000080d00000, 0x0000000080e00000, 0x0000000080e00000|100%| O|  |TAMS 0x0000000080e00000, 0x0000000080e00000| Untracked 
|  14|0x0000000080e00000, 0x0000000080f00000, 0x0000000080f00000|100%| O|  |TAMS 0x0000000080f00000, 0x0000000080f00000| Untracked 
|  15|0x0000000080f00000, 0x0000000081000000, 0x0000000081000000|100%| O|  |TAMS 0x0000000081000000, 0x0000000081000000| Untracked 
|  16|0x0000000081000000, 0x0000000081100000, 0x0000000081100000|100%| O|  |TAMS 0x0000000081100000, 0x0000000081100000| Untracked 
|  17|0x0000000081100000, 0x0000000081200000, 0x0000000081200000|100%| O|  |TAMS 0x0000000081200000, 0x0000000081200000| Untracked 
|  18|0x0000000081200000, 0x0000000081300000, 0x0000000081300000|100%| O|  |TAMS 0x0000000081300000, 0x0000000081300000| Untracked 
|  19|0x0000000081300000, 0x0000000081400000, 0x0000000081400000|100%| O|  |TAMS 0x0000000081300000, 0x0000000081300000| Untracked 
|  20|0x0000000081400000, 0x0000000081500000, 0x0000000081500000|100%|HS|  |TAMS 0x0000000081500000, 0x0000000081500000| Complete 
|  21|0x0000000081500000, 0x0000000081600000, 0x0000000081600000|100%|HC|  |TAMS 0x0000000081600000, 0x0000000081600000| Complete 
|  22|0x0000000081600000, 0x0000000081700000, 0x0000000081700000|100%|HC|  |TAMS 0x0000000081700000, 0x0000000081700000| Complete 
|  23|0x0000000081700000, 0x0000000081800000, 0x0000000081800000|100%|HC|  |TAMS 0x0000000081800000, 0x0000000081800000| Complete 
|  24|0x0000000081800000, 0x0000000081900000, 0x0000000081900000|100%|HC|  |TAMS 0x0000000081900000, 0x0000000081900000| Complete 
|  25|0x0000000081900000, 0x0000000081a00000, 0x0000000081a00000|100%|HS|  |TAMS 0x0000000081a00000, 0x0000000081a00000| Complete 
|  26|0x0000000081a00000, 0x0000000081b00000, 0x0000000081b00000|100%|HC|  |TAMS 0x0000000081b00000, 0x0000000081b00000| Complete 
|  27|0x0000000081b00000, 0x0000000081c00000, 0x0000000081c00000|100%|HC|  |TAMS 0x0000000081c00000, 0x0000000081c00000| Complete 
|  28|0x0000000081c00000, 0x0000000081d00000, 0x0000000081d00000|100%|HS|  |TAMS 0x0000000081d00000, 0x0000000081d00000| Complete 
|  29|0x0000000081d00000, 0x0000000081e00000, 0x0000000081e00000|100%|HC|  |TAMS 0x0000000081e00000, 0x0000000081e00000| Complete 
|  30|0x0000000081e00000, 0x0000000081f00000, 0x0000000081f00000|100%|HC|  |TAMS 0x0000000081f00000, 0x0000000081f00000| Complete 
|  31|0x0000000081f00000, 0x0000000082000000, 0x0000000082000000|100%| O|  |TAMS 0x0000000082000000, 0x0000000082000000| Untracked 
|  32|0x0000000082000000, 0x0000000082100000, 0x0000000082100000|100%|HS|  |TAMS 0x0000000082100000, 0x0000000082100000| Complete 
|  33|0x0000000082100000, 0x0000000082200000, 0x0000000082200000|100%| O|  |TAMS 0x0000000082200000, 0x0000000082200000| Untracked 
|  34|0x0000000082200000, 0x0000000082300000, 0x0000000082300000|100%| O|  |TAMS 0x0000000082300000, 0x0000000082300000| Untracked 
|  35|0x0000000082300000, 0x0000000082400000, 0x0000000082400000|100%| O|  |TAMS 0x0000000082400000, 0x0000000082400000| Untracked 
|  36|0x0000000082400000, 0x0000000082500000, 0x0000000082500000|100%| O|  |TAMS 0x0000000082500000, 0x0000000082500000| Untracked 
|  37|0x0000000082500000, 0x0000000082600000, 0x0000000082600000|100%| O|  |TAMS 0x0000000082600000, 0x0000000082600000| Untracked 
|  38|0x0000000082600000, 0x0000000082700000, 0x0000000082700000|100%| O|  |TAMS 0x0000000082700000, 0x0000000082700000| Untracked 
|  39|0x0000000082700000, 0x0000000082800000, 0x0000000082800000|100%| O|  |TAMS 0x0000000082800000, 0x0000000082800000| Untracked 
|  40|0x0000000082800000, 0x0000000082900000, 0x0000000082900000|100%| O|  |TAMS 0x0000000082900000, 0x0000000082900000| Untracked 
|  41|0x0000000082900000, 0x0000000082a00000, 0x0000000082a00000|100%| O|  |TAMS 0x0000000082a00000, 0x0000000082a00000| Untracked 
|  42|0x0000000082a00000, 0x0000000082b00000, 0x0000000082b00000|100%| O|  |TAMS 0x0000000082b00000, 0x0000000082b00000| Untracked 
|  43|0x0000000082b00000, 0x0000000082c00000, 0x0000000082c00000|100%| O|  |TAMS 0x0000000082c00000, 0x0000000082c00000| Untracked 
|  44|0x0000000082c00000, 0x0000000082d00000, 0x0000000082d00000|100%| O|  |TAMS 0x0000000082d00000, 0x0000000082d00000| Untracked 
|  45|0x0000000082d00000, 0x0000000082e00000, 0x0000000082e00000|100%| O|  |TAMS 0x0000000082e00000, 0x0000000082e00000| Untracked 
|  46|0x0000000082e00000, 0x0000000082f00000, 0x0000000082f00000|100%|HS|  |TAMS 0x0000000082f00000, 0x0000000082f00000| Complete 
|  47|0x0000000082f00000, 0x0000000083000000, 0x0000000083000000|100%|HC|  |TAMS 0x0000000083000000, 0x0000000083000000| Complete 
|  48|0x0000000083000000, 0x0000000083100000, 0x0000000083100000|100%|HC|  |TAMS 0x0000000083100000, 0x0000000083100000| Complete 
|  49|0x0000000083100000, 0x0000000083200000, 0x0000000083200000|100%| O|  |TAMS 0x0000000083200000, 0x0000000083200000| Untracked 
|  50|0x0000000083200000, 0x0000000083300000, 0x0000000083300000|100%| O|  |TAMS 0x0000000083300000, 0x0000000083300000| Untracked 
|  51|0x0000000083300000, 0x0000000083400000, 0x0000000083400000|100%| O|  |TAMS 0x0000000083400000, 0x0000000083400000| Untracked 
|  52|0x0000000083400000, 0x0000000083500000, 0x0000000083500000|100%|HS|  |TAMS 0x0000000083500000, 0x0000000083500000| Complete 
|  53|0x0000000083500000, 0x0000000083600000, 0x0000000083600000|100%|HC|  |TAMS 0x0000000083600000, 0x0000000083600000| Complete 
|  54|0x0000000083600000, 0x0000000083700000, 0x0000000083700000|100%|HC|  |TAMS 0x0000000083700000, 0x0000000083700000| Complete 
|  55|0x0000000083700000, 0x0000000083800000, 0x0000000083800000|100%|HC|  |TAMS 0x0000000083800000, 0x0000000083800000| Complete 
|  56|0x0000000083800000, 0x0000000083900000, 0x0000000083900000|100%|HC|  |TAMS 0x0000000083900000, 0x0000000083900000| Complete 
|  57|0x0000000083900000, 0x0000000083a00000, 0x0000000083a00000|100%|HS|  |TAMS 0x0000000083a00000, 0x0000000083a00000| Complete 
|  58|0x0000000083a00000, 0x0000000083b00000, 0x0000000083b00000|100%|HC|  |TAMS 0x0000000083b00000, 0x0000000083b00000| Complete 
|  59|0x0000000083b00000, 0x0000000083c00000, 0x0000000083c00000|100%|HC|  |TAMS 0x0000000083c00000, 0x0000000083c00000| Complete 
|  60|0x0000000083c00000, 0x0000000083d00000, 0x0000000083d00000|100%|HC|  |TAMS 0x0000000083d00000, 0x0000000083d00000| Complete 
|  61|0x0000000083d00000, 0x0000000083e00000, 0x0000000083e00000|100%|HC|  |TAMS 0x0000000083e00000, 0x0000000083e00000| Complete 
|  62|0x0000000083e00000, 0x0000000083f00000, 0x0000000083f00000|100%| O|  |TAMS 0x0000000083f00000, 0x0000000083f00000| Untracked 
|  63|0x0000000083f00000, 0x0000000084000000, 0x0000000084000000|100%| O|  |TAMS 0x0000000084000000, 0x0000000084000000| Untracked 
|  64|0x0000000084000000, 0x0000000084100000, 0x0000000084100000|100%| O|  |TAMS 0x0000000084100000, 0x0000000084100000| Untracked 
|  65|0x0000000084100000, 0x0000000084200000, 0x0000000084200000|100%| O|  |TAMS 0x0000000084200000, 0x0000000084200000| Untracked 
|  66|0x0000000084200000, 0x0000000084300000, 0x0000000084300000|100%| O|  |TAMS 0x0000000084300000, 0x0000000084300000| Untracked 
|  67|0x0000000084300000, 0x0000000084400000, 0x0000000084400000|100%| O|  |TAMS 0x0000000084400000, 0x0000000084400000| Untracked 
|  68|0x0000000084400000, 0x0000000084500000, 0x0000000084500000|100%| O|  |TAMS 0x0000000084500000, 0x0000000084500000| Untracked 
|  69|0x0000000084500000, 0x0000000084600000, 0x0000000084600000|100%| O|  |TAMS 0x0000000084600000, 0x0000000084600000| Untracked 
|  70|0x0000000084600000, 0x0000000084700000, 0x0000000084700000|100%| O|  |TAMS 0x0000000084700000, 0x0000000084700000| Untracked 
|  71|0x0000000084700000, 0x0000000084800000, 0x0000000084800000|100%| O|  |TAMS 0x0000000084800000, 0x0000000084800000| Untracked 
|  72|0x0000000084800000, 0x0000000084900000, 0x0000000084900000|100%| O|  |TAMS 0x0000000084900000, 0x0000000084900000| Untracked 
|  73|0x0000000084900000, 0x0000000084a00000, 0x0000000084a00000|100%| O|  |TAMS 0x0000000084a00000, 0x0000000084a00000| Untracked 
|  74|0x0000000084a00000, 0x0000000084b00000, 0x0000000084b00000|100%| O|  |TAMS 0x0000000084b00000, 0x0000000084b00000| Untracked 
|  75|0x0000000084b00000, 0x0000000084c00000, 0x0000000084c00000|100%| O|  |TAMS 0x0000000084c00000, 0x0000000084c00000| Untracked 
|  76|0x0000000084c00000, 0x0000000084d00000, 0x0000000084d00000|100%| O|  |TAMS 0x0000000084d00000, 0x0000000084d00000| Untracked 
|  77|0x0000000084d00000, 0x0000000084e00000, 0x0000000084e00000|100%| O|  |TAMS 0x0000000084e00000, 0x0000000084e00000| Untracked 
|  78|0x0000000084e00000, 0x0000000084f00000, 0x0000000084f00000|100%| O|  |TAMS 0x0000000084f00000, 0x0000000084f00000| Untracked 
|  79|0x0000000084f00000, 0x0000000085000000, 0x0000000085000000|100%| O|  |TAMS 0x0000000085000000, 0x0000000085000000| Untracked 
|  80|0x0000000085000000, 0x0000000085100000, 0x0000000085100000|100%| O|  |TAMS 0x0000000085100000, 0x0000000085100000| Untracked 
|  81|0x0000000085100000, 0x0000000085200000, 0x0000000085200000|100%|HS|  |TAMS 0x0000000085200000, 0x0000000085200000| Complete 
|  82|0x0000000085200000, 0x0000000085300000, 0x0000000085300000|100%|HC|  |TAMS 0x0000000085300000, 0x0000000085300000| Complete 
|  83|0x0000000085300000, 0x0000000085400000, 0x0000000085400000|100%| O|  |TAMS 0x0000000085400000, 0x0000000085400000| Untracked 
|  84|0x0000000085400000, 0x0000000085500000, 0x0000000085500000|100%| O|  |TAMS 0x0000000085500000, 0x0000000085500000| Untracked 
|  85|0x0000000085500000, 0x0000000085600000, 0x0000000085600000|100%|HS|  |TAMS 0x0000000085600000, 0x0000000085600000| Complete 
|  86|0x0000000085600000, 0x0000000085700000, 0x0000000085700000|100%| O|  |TAMS 0x0000000085700000, 0x0000000085700000| Untracked 
|  87|0x0000000085700000, 0x0000000085800000, 0x0000000085800000|100%| O|  |TAMS 0x0000000085800000, 0x0000000085800000| Untracked 
|  88|0x0000000085800000, 0x0000000085900000, 0x0000000085900000|100%| O|  |TAMS 0x0000000085894800, 0x0000000085894800| Untracked 
|  89|0x0000000085900000, 0x0000000085a00000, 0x0000000085a00000|100%| O|  |TAMS 0x0000000085900000, 0x0000000085900000| Untracked 
|  90|0x0000000085a00000, 0x0000000085a17a00, 0x0000000085b00000|  9%| O|  |TAMS 0x0000000085a00000, 0x0000000085a00000| Untracked 
|  91|0x0000000085b00000, 0x0000000085b00000, 0x0000000085c00000|  0%| F|  |TAMS 0x0000000085b00000, 0x0000000085b00000| Untracked 
|  92|0x0000000085c00000, 0x0000000085c00000, 0x0000000085d00000|  0%| F|  |TAMS 0x0000000085c00000, 0x0000000085c00000| Untracked 
|  93|0x0000000085d00000, 0x0000000085d00000, 0x0000000085e00000|  0%| F|  |TAMS 0x0000000085d00000, 0x0000000085d00000| Untracked 
|  94|0x0000000085e00000, 0x0000000085e00000, 0x0000000085f00000|  0%| F|  |TAMS 0x0000000085e00000, 0x0000000085e00000| Untracked 
|  95|0x0000000085f00000, 0x0000000085f00000, 0x0000000086000000|  0%| F|  |TAMS 0x0000000085f00000, 0x0000000085f00000| Untracked 
|  96|0x0000000086000000, 0x0000000086000000, 0x0000000086100000|  0%| F|  |TAMS 0x0000000086000000, 0x0000000086000000| Untracked 
|  97|0x0000000086100000, 0x0000000086100000, 0x0000000086200000|  0%| F|  |TAMS 0x0000000086100000, 0x0000000086100000| Untracked 
|  98|0x0000000086200000, 0x0000000086200000, 0x0000000086300000|  0%| F|  |TAMS 0x0000000086200000, 0x0000000086200000| Untracked 
|  99|0x0000000086300000, 0x0000000086300000, 0x0000000086400000|  0%| F|  |TAMS 0x0000000086300000, 0x0000000086300000| Untracked 
| 100|0x0000000086400000, 0x0000000086400000, 0x0000000086500000|  0%| F|  |TAMS 0x0000000086400000, 0x0000000086400000| Untracked 
| 101|0x0000000086500000, 0x0000000086500000, 0x0000000086600000|  0%| F|  |TAMS 0x0000000086500000, 0x0000000086500000| Untracked 
| 102|0x0000000086600000, 0x0000000086600000, 0x0000000086700000|  0%| F|  |TAMS 0x0000000086600000, 0x0000000086600000| Untracked 
| 103|0x0000000086700000, 0x0000000086700000, 0x0000000086800000|  0%| F|  |TAMS 0x0000000086700000, 0x0000000086700000| Untracked 
| 104|0x0000000086800000, 0x0000000086800000, 0x0000000086900000|  0%| F|  |TAMS 0x0000000086800000, 0x0000000086800000| Untracked 
| 105|0x0000000086900000, 0x0000000086900000, 0x0000000086a00000|  0%| F|  |TAMS 0x0000000086900000, 0x0000000086900000| Untracked 
| 106|0x0000000086a00000, 0x0000000086a00000, 0x0000000086b00000|  0%| F|  |TAMS 0x0000000086a00000, 0x0000000086a00000| Untracked 
| 107|0x0000000086b00000, 0x0000000086b00000, 0x0000000086c00000|  0%| F|  |TAMS 0x0000000086b00000, 0x0000000086b00000| Untracked 
| 108|0x0000000086c00000, 0x0000000086c00000, 0x0000000086d00000|  0%| F|  |TAMS 0x0000000086c00000, 0x0000000086c00000| Untracked 
| 109|0x0000000086d00000, 0x0000000086d00000, 0x0000000086e00000|  0%| F|  |TAMS 0x0000000086d00000, 0x0000000086d00000| Untracked 
| 110|0x0000000086e00000, 0x0000000086e00000, 0x0000000086f00000|  0%| F|  |TAMS 0x0000000086e00000, 0x0000000086e00000| Untracked 
| 111|0x0000000086f00000, 0x0000000086f00000, 0x0000000087000000|  0%| F|  |TAMS 0x0000000086f00000, 0x0000000086f00000| Untracked 
| 112|0x0000000087000000, 0x0000000087048f70, 0x0000000087100000| 28%| S|CS|TAMS 0x0000000087000000, 0x0000000087000000| Complete 
| 113|0x0000000087100000, 0x0000000087200000, 0x0000000087200000|100%| S|CS|TAMS 0x0000000087100000, 0x0000000087100000| Complete 
| 114|0x0000000087200000, 0x0000000087200000, 0x0000000087300000|  0%| F|  |TAMS 0x0000000087200000, 0x0000000087200000| Untracked 
| 115|0x0000000087300000, 0x0000000087300000, 0x0000000087400000|  0%| F|  |TAMS 0x0000000087300000, 0x0000000087300000| Untracked 
| 116|0x0000000087400000, 0x0000000087400000, 0x0000000087500000|  0%| F|  |TAMS 0x0000000087400000, 0x0000000087400000| Untracked 
| 117|0x0000000087500000, 0x0000000087500000, 0x0000000087600000|  0%| F|  |TAMS 0x0000000087500000, 0x0000000087500000| Untracked 
| 118|0x0000000087600000, 0x0000000087600000, 0x0000000087700000|  0%| F|  |TAMS 0x0000000087600000, 0x0000000087600000| Untracked 
| 119|0x0000000087700000, 0x0000000087700000, 0x0000000087800000|  0%| F|  |TAMS 0x0000000087700000, 0x0000000087700000| Untracked 
| 120|0x0000000087800000, 0x0000000087800000, 0x0000000087900000|  0%| F|  |TAMS 0x0000000087800000, 0x0000000087800000| Untracked 
| 121|0x0000000087900000, 0x0000000087900000, 0x0000000087a00000|  0%| F|  |TAMS 0x0000000087900000, 0x0000000087900000| Untracked 
| 122|0x0000000087a00000, 0x0000000087a00000, 0x0000000087b00000|  0%| F|  |TAMS 0x0000000087a00000, 0x0000000087a00000| Untracked 
| 123|0x0000000087b00000, 0x0000000087b00000, 0x0000000087c00000|  0%| F|  |TAMS 0x0000000087b00000, 0x0000000087b00000| Untracked 
| 124|0x0000000087c00000, 0x0000000087c00000, 0x0000000087d00000|  0%| F|  |TAMS 0x0000000087c00000, 0x0000000087c00000| Untracked 
| 125|0x0000000087d00000, 0x0000000087d00000, 0x0000000087e00000|  0%| F|  |TAMS 0x0000000087d00000, 0x0000000087d00000| Untracked 
| 126|0x0000000087e00000, 0x0000000087e00000, 0x0000000087f00000|  0%| F|  |TAMS 0x0000000087e00000, 0x0000000087e00000| Untracked 
| 127|0x0000000087f00000, 0x0000000087f00000, 0x0000000088000000|  0%| F|  |TAMS 0x0000000087f00000, 0x0000000087f00000| Untracked 
| 128|0x0000000088000000, 0x0000000088000000, 0x0000000088100000|  0%| F|  |TAMS 0x0000000088000000, 0x0000000088000000| Untracked 
| 129|0x0000000088100000, 0x0000000088100000, 0x0000000088200000|  0%| F|  |TAMS 0x0000000088100000, 0x0000000088100000| Untracked 
| 130|0x0000000088200000, 0x0000000088200000, 0x0000000088300000|  0%| F|  |TAMS 0x0000000088200000, 0x0000000088200000| Untracked 
| 131|0x0000000088300000, 0x0000000088300000, 0x0000000088400000|  0%| F|  |TAMS 0x0000000088300000, 0x0000000088300000| Untracked 
| 132|0x0000000088400000, 0x0000000088400000, 0x0000000088500000|  0%| F|  |TAMS 0x0000000088400000, 0x0000000088400000| Untracked 
| 133|0x0000000088500000, 0x0000000088500000, 0x0000000088600000|  0%| F|  |TAMS 0x0000000088500000, 0x0000000088500000| Untracked 
| 134|0x0000000088600000, 0x0000000088600000, 0x0000000088700000|  0%| F|  |TAMS 0x0000000088600000, 0x0000000088600000| Untracked 
| 135|0x0000000088700000, 0x0000000088700000, 0x0000000088800000|  0%| F|  |TAMS 0x0000000088700000, 0x0000000088700000| Untracked 
| 136|0x0000000088800000, 0x0000000088800000, 0x0000000088900000|  0%| F|  |TAMS 0x0000000088800000, 0x0000000088800000| Untracked 
| 137|0x0000000088900000, 0x0000000088900000, 0x0000000088a00000|  0%| F|  |TAMS 0x0000000088900000, 0x0000000088900000| Untracked 
| 138|0x0000000088a00000, 0x0000000088a00000, 0x0000000088b00000|  0%| F|  |TAMS 0x0000000088a00000, 0x0000000088a00000| Untracked 
| 139|0x0000000088b00000, 0x0000000088b00000, 0x0000000088c00000|  0%| F|  |TAMS 0x0000000088b00000, 0x0000000088b00000| Untracked 
| 140|0x0000000088c00000, 0x0000000088c00000, 0x0000000088d00000|  0%| F|  |TAMS 0x0000000088c00000, 0x0000000088c00000| Untracked 
| 141|0x0000000088d00000, 0x0000000088d00000, 0x0000000088e00000|  0%| F|  |TAMS 0x0000000088d00000, 0x0000000088d00000| Untracked 
| 142|0x0000000088e00000, 0x0000000088e00000, 0x0000000088f00000|  0%| F|  |TAMS 0x0000000088e00000, 0x0000000088e00000| Untracked 
| 143|0x0000000088f00000, 0x0000000088f00000, 0x0000000089000000|  0%| F|  |TAMS 0x0000000088f00000, 0x0000000088f00000| Untracked 
| 144|0x0000000089000000, 0x0000000089000000, 0x0000000089100000|  0%| F|  |TAMS 0x0000000089000000, 0x0000000089000000| Untracked 
| 145|0x0000000089100000, 0x0000000089100000, 0x0000000089200000|  0%| F|  |TAMS 0x0000000089100000, 0x0000000089100000| Untracked 
| 146|0x0000000089200000, 0x0000000089200000, 0x0000000089300000|  0%| F|  |TAMS 0x0000000089200000, 0x0000000089200000| Untracked 
| 147|0x0000000089300000, 0x0000000089300000, 0x0000000089400000|  0%| F|  |TAMS 0x0000000089300000, 0x0000000089300000| Untracked 
| 148|0x0000000089400000, 0x0000000089400000, 0x0000000089500000|  0%| F|  |TAMS 0x0000000089400000, 0x0000000089400000| Untracked 
| 149|0x0000000089500000, 0x0000000089500000, 0x0000000089600000|  0%| F|  |TAMS 0x0000000089500000, 0x0000000089500000| Untracked 
| 150|0x0000000089600000, 0x0000000089600000, 0x0000000089700000|  0%| F|  |TAMS 0x0000000089600000, 0x0000000089600000| Untracked 
| 151|0x0000000089700000, 0x0000000089700000, 0x0000000089800000|  0%| F|  |TAMS 0x0000000089700000, 0x0000000089700000| Untracked 
| 152|0x0000000089800000, 0x0000000089800000, 0x0000000089900000|  0%| F|  |TAMS 0x0000000089800000, 0x0000000089800000| Untracked 
| 153|0x0000000089900000, 0x0000000089900000, 0x0000000089a00000|  0%| F|  |TAMS 0x0000000089900000, 0x0000000089900000| Untracked 
| 154|0x0000000089a00000, 0x0000000089a00000, 0x0000000089b00000|  0%| F|  |TAMS 0x0000000089a00000, 0x0000000089a00000| Untracked 
| 155|0x0000000089b00000, 0x0000000089b00000, 0x0000000089c00000|  0%| F|  |TAMS 0x0000000089b00000, 0x0000000089b00000| Untracked 
| 156|0x0000000089c00000, 0x0000000089c00000, 0x0000000089d00000|  0%| F|  |TAMS 0x0000000089c00000, 0x0000000089c00000| Untracked 
| 157|0x0000000089d00000, 0x0000000089d00000, 0x0000000089e00000|  0%| F|  |TAMS 0x0000000089d00000, 0x0000000089d00000| Untracked 
| 158|0x0000000089e00000, 0x0000000089e00000, 0x0000000089f00000|  0%| F|  |TAMS 0x0000000089e00000, 0x0000000089e00000| Untracked 
| 159|0x0000000089f00000, 0x0000000089f00000, 0x000000008a000000|  0%| F|  |TAMS 0x0000000089f00000, 0x0000000089f00000| Untracked 
| 160|0x000000008a000000, 0x000000008a000000, 0x000000008a100000|  0%| F|  |TAMS 0x000000008a000000, 0x000000008a000000| Untracked 
| 161|0x000000008a100000, 0x000000008a100000, 0x000000008a200000|  0%| F|  |TAMS 0x000000008a100000, 0x000000008a100000| Untracked 
| 162|0x000000008a200000, 0x000000008a200000, 0x000000008a300000|  0%| F|  |TAMS 0x000000008a200000, 0x000000008a200000| Untracked 
| 163|0x000000008a300000, 0x000000008a300000, 0x000000008a400000|  0%| F|  |TAMS 0x000000008a300000, 0x000000008a300000| Untracked 

Card table byte_map: [0x000001c798010000,0x000001c798410000] _byte_map_base: 0x000001c797c10000

Marking Bits (Prev, Next): (CMBitMap*) 0x000001c78545c2d0, (CMBitMap*) 0x000001c78545c290
 Prev Bits: [0x000001c79a810000, 0x000001c79c810000)
 Next Bits: [0x000001c798810000, 0x000001c79a810000)

Polling page: 0x000001c783380000

Metaspace:

Usage:
  Non-class:     64.01 MB used.
      Class:      9.77 MB used.
       Both:     73.79 MB used.

Virtual space:
  Non-class space:      128.00 MB reserved,      64.31 MB ( 50%) committed,  2 nodes.
      Class space:        1.00 GB reserved,      10.06 MB ( <1%) committed,  1 nodes.
             Both:        1.12 GB reserved,      74.38 MB (  6%) committed. 

Chunk freelists:
   Non-Class:  15.56 MB
       Class:  5.92 MB
        Both:  21.48 MB

MaxMetaspaceSize: unlimited
CompressedClassSpaceSize: 1.00 GB
Initial GC threshold: 21.00 MB
Current GC threshold: 123.88 MB
CDS: off
MetaspaceReclaimPolicy: balanced
 - commit_granule_bytes: 65536.
 - commit_granule_words: 8192.
 - virtual_space_node_default_size: 8388608.
 - enlarge_chunks_in_place: 1.
 - new_chunks_are_fully_committed: 0.
 - uncommit_free_chunks: 1.
 - use_allocation_guard: 0.
 - handle_deallocations: 1.


Internal statistics:

num_allocs_failed_limit: 6.
num_arena_births: 714.
num_arena_deaths: 6.
num_vsnodes_births: 3.
num_vsnodes_deaths: 0.
num_space_committed: 1190.
num_space_uncommitted: 0.
num_chunks_returned_to_freelist: 15.
num_chunks_taken_from_freelist: 3215.
num_chunk_merges: 3.
num_chunk_splits: 2051.
num_chunks_enlarged: 1346.
num_inconsistent_stats: 0.

CodeHeap 'non-profiled nmethods': size=120000Kb used=4246Kb max_used=4246Kb free=115753Kb
 bounds [0x000001c7903b0000, 0x000001c7907e0000, 0x000001c7978e0000]
CodeHeap 'profiled nmethods': size=120000Kb used=17905Kb max_used=17905Kb free=102094Kb
 bounds [0x000001c7888e0000, 0x000001c789a60000, 0x000001c78fe10000]
CodeHeap 'non-nmethods': size=5760Kb used=2388Kb max_used=2462Kb free=3371Kb
 bounds [0x000001c78fe10000, 0x000001c790090000, 0x000001c7903b0000]
 total_blobs=10004 nmethods=9084 adapters=832
 compilation: enabled
              stopped_count=0, restarted_count=0
 full_count=0

Compilation events (20 events):
Event: 29.548 Thread 0x000001c79f4cc7e0 9985       2       org.gradle.internal.snapshot.SingletonChildMap::access$100 (7 bytes)
Event: 29.549 Thread 0x000001c79f4cc7e0 nmethod 9985 0x000001c789a57890 code [0x000001c789a57a20, 0x000001c789a57b28]
Event: 29.549 Thread 0x000001c79f4cc7e0 9986       2       org.gradle.internal.snapshot.SingletonChildMap::withReplacedChild (43 bytes)
Event: 29.549 Thread 0x000001c79f4cc7e0 nmethod 9986 0x000001c789a57c10 code [0x000001c789a57de0, 0x000001c789a58028]
Event: 29.549 Thread 0x000001c79f4cc7e0 9987       2       org.gradle.internal.classpath.transforms.InstrumentingClassTransform$InstrumentingVisitor$$Lambda$1225/0x0000000100a0b570::test (20 bytes)
Event: 29.550 Thread 0x000001c79f4cc7e0 nmethod 9987 0x000001c789a58190 code [0x000001c789a58320, 0x000001c789a58488]
Event: 29.550 Thread 0x000001c79f4cc7e0 9988       2       org.gradle.internal.classpath.transforms.InstrumentingClassTransform$InstrumentingVisitor::lambda$visitMethod$0 (39 bytes)
Event: 29.550 Thread 0x000001c79f4cc7e0 nmethod 9988 0x000001c789a58590 code [0x000001c789a58740, 0x000001c789a589c8]
Event: 29.555 Thread 0x000001c79f4cc7e0 9989       2       org.gradle.internal.execution.steps.ExecutionRequestContext::<init> (15 bytes)
Event: 29.555 Thread 0x000001c79f4cc7e0 nmethod 9989 0x000001c789a58b90 code [0x000001c789a58d20, 0x000001c789a58ed8]
Event: 29.556 Thread 0x000001c79f4cc7e0 9990       2       org.objectweb.asm.tree.MethodNode::visitJumpInsn (21 bytes)
Event: 29.556 Thread 0x000001c79f4cc7e0 nmethod 9990 0x000001c789a58f90 code [0x000001c789a59140, 0x000001c789a59488]
Event: 29.556 Thread 0x000001c79f4cc7e0 9991       2       org.objectweb.asm.tree.JumpInsnNode::<init> (11 bytes)
Event: 29.557 Thread 0x000001c79f4cc7e0 nmethod 9991 0x000001c789a59610 code [0x000001c789a597a0, 0x000001c789a598f8]
Event: 29.557 Thread 0x000001c79f4cc7e0 9992       2       org.objectweb.asm.tree.MethodNode::visitTypeInsn (17 bytes)
Event: 29.557 Thread 0x000001c79f4cc7e0 nmethod 9992 0x000001c789a59990 code [0x000001c789a59b40, 0x000001c789a59d28]
Event: 29.589 Thread 0x000001c79f4cc7e0 9993       2       org.gradle.internal.snapshot.DirectorySnapshot::<init> (20 bytes)
Event: 29.589 Thread 0x000001c79f4cc7e0 nmethod 9993 0x000001c789a59e10 code [0x000001c789a59fc0, 0x000001c789a5a298]
Event: 29.590 Thread 0x000001c79f4cc7e0 9994   !   2       java.util.concurrent.ConcurrentHashMap::computeIfAbsent (576 bytes)
Event: 29.592 Thread 0x000001c79f4cc7e0 nmethod 9994 0x000001c789a5a310 code [0x000001c789a5a640, 0x000001c789a5b7b8]

GC Heap History (20 events):
Event: 17.465 GC heap after
{Heap after GC invocations=35 (full 0):
 garbage-first heap   total 133120K, used 78895K [0x0000000080000000, 0x0000000100000000)
  region size 1024K, 4 young (4096K), 4 survivors (4096K)
 Metaspace       used 70726K, committed 71360K, reserved 1114112K
  class space    used 9640K, committed 9920K, reserved 1048576K
}
Event: 21.449 GC heap before
{Heap before GC invocations=35 (full 0):
 garbage-first heap   total 133120K, used 106543K [0x0000000080000000, 0x0000000100000000)
  region size 1024K, 32 young (32768K), 4 survivors (4096K)
 Metaspace       used 74117K, committed 74688K, reserved 1114112K
  class space    used 9929K, committed 10176K, reserved 1048576K
}
Event: 21.457 GC heap after
{Heap after GC invocations=36 (full 0):
 garbage-first heap   total 133120K, used 82015K [0x0000000080000000, 0x0000000100000000)
  region size 1024K, 4 young (4096K), 4 survivors (4096K)
 Metaspace       used 74117K, committed 74688K, reserved 1114112K
  class space    used 9929K, committed 10176K, reserved 1048576K
}
Event: 26.318 GC heap before
{Heap before GC invocations=37 (full 0):
 garbage-first heap   total 142336K, used 107615K [0x0000000080000000, 0x0000000100000000)
  region size 1024K, 29 young (29696K), 4 survivors (4096K)
 Metaspace       used 74801K, committed 75456K, reserved 1114112K
  class space    used 9958K, committed 10240K, reserved 1048576K
}
Event: 26.323 GC heap after
{Heap after GC invocations=38 (full 0):
 garbage-first heap   total 142336K, used 83335K [0x0000000080000000, 0x0000000100000000)
  region size 1024K, 2 young (2048K), 2 survivors (2048K)
 Metaspace       used 74801K, committed 75456K, reserved 1114112K
  class space    used 9958K, committed 10240K, reserved 1048576K
}
Event: 27.181 GC heap before
{Heap before GC invocations=38 (full 0):
 garbage-first heap   total 142336K, used 85383K [0x0000000080000000, 0x0000000100000000)
  region size 1024K, 6 young (6144K), 2 survivors (2048K)
 Metaspace       used 74927K, committed 75520K, reserved 1114112K
  class space    used 9978K, committed 10240K, reserved 1048576K
}
Event: 27.185 GC heap after
{Heap after GC invocations=39 (full 0):
 garbage-first heap   total 142336K, used 83564K [0x0000000080000000, 0x0000000100000000)
  region size 1024K, 2 young (2048K), 2 survivors (2048K)
 Metaspace       used 74927K, committed 75520K, reserved 1114112K
  class space    used 9978K, committed 10240K, reserved 1048576K
}
Event: 28.361 GC heap before
{Heap before GC invocations=40 (full 0):
 garbage-first heap   total 148480K, used 118380K [0x0000000080000000, 0x0000000100000000)
  region size 1024K, 35 young (35840K), 2 survivors (2048K)
 Metaspace       used 75392K, committed 75904K, reserved 1179648K
  class space    used 9999K, committed 10240K, reserved 1048576K
}
Event: 28.366 GC heap after
{Heap after GC invocations=41 (full 0):
 garbage-first heap   total 148480K, used 86700K [0x0000000080000000, 0x0000000100000000)
  region size 1024K, 3 young (3072K), 3 survivors (3072K)
 Metaspace       used 75392K, committed 75904K, reserved 1179648K
  class space    used 9999K, committed 10240K, reserved 1048576K
}
Event: 28.748 GC heap before
{Heap before GC invocations=41 (full 0):
 garbage-first heap   total 148480K, used 121516K [0x0000000080000000, 0x0000000100000000)
  region size 1024K, 38 young (38912K), 3 survivors (3072K)
 Metaspace       used 75507K, committed 76096K, reserved 1179648K
  class space    used 10003K, committed 10240K, reserved 1048576K
}
Event: 28.753 GC heap after
{Heap after GC invocations=42 (full 0):
 garbage-first heap   total 148480K, used 87810K [0x0000000080000000, 0x0000000100000000)
  region size 1024K, 3 young (3072K), 3 survivors (3072K)
 Metaspace       used 75507K, committed 76096K, reserved 1179648K
  class space    used 10003K, committed 10240K, reserved 1048576K
}
Event: 28.982 GC heap before
{Heap before GC invocations=43 (full 0):
 garbage-first heap   total 162816K, used 122626K [0x0000000080000000, 0x0000000100000000)
  region size 1024K, 37 young (37888K), 3 survivors (3072K)
 Metaspace       used 75520K, committed 76096K, reserved 1179648K
  class space    used 10003K, committed 10240K, reserved 1048576K
}
Event: 28.985 GC heap after
{Heap after GC invocations=44 (full 0):
 garbage-first heap   total 162816K, used 90038K [0x0000000080000000, 0x0000000100000000)
  region size 1024K, 4 young (4096K), 4 survivors (4096K)
 Metaspace       used 75520K, committed 76096K, reserved 1179648K
  class space    used 10003K, committed 10240K, reserved 1048576K
}
Event: 28.999 GC heap before
{Heap before GC invocations=44 (full 0):
 garbage-first heap   total 162816K, used 93110K [0x0000000080000000, 0x0000000100000000)
  region size 1024K, 7 young (7168K), 4 survivors (4096K)
 Metaspace       used 75520K, committed 76096K, reserved 1179648K
  class space    used 10003K, committed 10240K, reserved 1048576K
}
Event: 29.002 GC heap after
{Heap after GC invocations=45 (full 0):
 garbage-first heap   total 162816K, used 90231K [0x0000000080000000, 0x0000000100000000)
  region size 1024K, 1 young (1024K), 1 survivors (1024K)
 Metaspace       used 75520K, committed 76096K, reserved 1179648K
  class space    used 10003K, committed 10240K, reserved 1048576K
}
Event: 29.127 GC heap before
{Heap before GC invocations=45 (full 0):
 garbage-first heap   total 162816K, used 115831K [0x0000000080000000, 0x0000000100000000)
  region size 1024K, 27 young (27648K), 1 survivors (1024K)
 Metaspace       used 75524K, committed 76096K, reserved 1179648K
  class space    used 10003K, committed 10240K, reserved 1048576K
}
Event: 29.130 GC heap after
{Heap after GC invocations=46 (full 0):
 garbage-first heap   total 162816K, used 92369K [0x0000000080000000, 0x0000000100000000)
  region size 1024K, 3 young (3072K), 3 survivors (3072K)
 Metaspace       used 75524K, committed 76096K, reserved 1179648K
  class space    used 10003K, committed 10240K, reserved 1048576K
}
Event: 29.378 GC heap before
{Heap before GC invocations=47 (full 0):
 garbage-first heap   total 167936K, used 135377K [0x0000000080000000, 0x0000000100000000)
  region size 1024K, 45 young (46080K), 3 survivors (3072K)
 Metaspace       used 75529K, committed 76096K, reserved 1179648K
  class space    used 10003K, committed 10240K, reserved 1048576K
}
Event: 29.382 GC heap after
{Heap after GC invocations=48 (full 0):
 garbage-first heap   total 167936K, used 94262K [0x0000000080000000, 0x0000000100000000)
  region size 1024K, 5 young (5120K), 5 survivors (5120K)
 Metaspace       used 75529K, committed 76096K, reserved 1179648K
  class space    used 10003K, committed 10240K, reserved 1048576K
}
Event: 29.617 GC heap before
{Heap before GC invocations=48 (full 0):
 garbage-first heap   total 167936K, used 139318K [0x0000000080000000, 0x0000000100000000)
  region size 1024K, 50 young (51200K), 5 survivors (5120K)
 Metaspace       used 75558K, committed 76160K, reserved 1179648K
  class space    used 10008K, committed 10304K, reserved 1048576K
}

Dll operation events (3 events):
Event: 0.239 Loaded shared library C:\Users\tapam\AppData\Local\Programs\Android Studio\jbr\bin\java.dll
Event: 1.379 Loaded shared library C:\Users\tapam\AppData\Local\Programs\Android Studio\jbr\bin\zip.dll
Event: 2.557 Loaded shared library C:\Users\tapam\AppData\Local\Programs\Android Studio\jbr\bin\verify.dll

Deoptimization events (20 events):
Event: 29.527 Thread 0x000001c7a4c715a0 DEOPT PACKING pc=0x000001c78927ceda sp=0x0000002b04efb230
Event: 29.527 Thread 0x000001c7a4c715a0 DEOPT UNPACKING pc=0x000001c78fe67143 sp=0x0000002b04efa940 mode 0
Event: 29.536 Thread 0x000001c7a4c715a0 DEOPT PACKING pc=0x000001c78927ceda sp=0x0000002b04efb230
Event: 29.537 Thread 0x000001c7a4c715a0 DEOPT UNPACKING pc=0x000001c78fe67143 sp=0x0000002b04efa940 mode 0
Event: 29.539 Thread 0x000001c7a4c715a0 DEOPT PACKING pc=0x000001c78993be20 sp=0x0000002b04efba50
Event: 29.540 Thread 0x000001c7a4c715a0 DEOPT UNPACKING pc=0x000001c78fe67143 sp=0x0000002b04efaf30 mode 0
Event: 29.568 Thread 0x000001c7a4c74330 DEOPT PACKING pc=0x000001c78927ceda sp=0x0000002b04ffb530
Event: 29.569 Thread 0x000001c7a4c74330 DEOPT UNPACKING pc=0x000001c78fe67143 sp=0x0000002b04ffac40 mode 0
Event: 29.571 Thread 0x000001c7a4c6f740 DEOPT PACKING pc=0x000001c78993be20 sp=0x0000002b04bfbc40
Event: 29.572 Thread 0x000001c7a4c6f740 DEOPT UNPACKING pc=0x000001c78fe67143 sp=0x0000002b04bfb120 mode 0
Event: 29.572 Thread 0x000001c7a4c74330 DEOPT PACKING pc=0x000001c78927ceda sp=0x0000002b04ffb530
Event: 29.573 Thread 0x000001c7a4c74330 DEOPT UNPACKING pc=0x000001c78fe67143 sp=0x0000002b04ffac40 mode 0
Event: 29.578 Thread 0x000001c7a5c27460 DEOPT PACKING pc=0x000001c789687453 sp=0x0000002b00afe6e0
Event: 29.578 Thread 0x000001c7a5c27460 DEOPT UNPACKING pc=0x000001c78fe67143 sp=0x0000002b00afdb98 mode 0
Event: 29.591 Thread 0x000001c7a4c74330 DEOPT PACKING pc=0x000001c78993be20 sp=0x0000002b04ffbd50
Event: 29.592 Thread 0x000001c7a4c74330 DEOPT UNPACKING pc=0x000001c78fe67143 sp=0x0000002b04ffb230 mode 0
Event: 29.612 Thread 0x000001c7a4c715a0 DEOPT PACKING pc=0x000001c78927ceda sp=0x0000002b04efb230
Event: 29.612 Thread 0x000001c7a4c715a0 DEOPT UNPACKING pc=0x000001c78fe67143 sp=0x0000002b04efa940 mode 0
Event: 29.615 Thread 0x000001c7a4c715a0 DEOPT PACKING pc=0x000001c78993be20 sp=0x0000002b04efba50
Event: 29.615 Thread 0x000001c7a4c715a0 DEOPT UNPACKING pc=0x000001c78fe67143 sp=0x0000002b04efaf30 mode 0

Classes unloaded (8 events):
Event: 16.575 Thread 0x000001c79f25aa40 Unloading class 0x0000000100804410 '_BuildScript_$_run_closure1$_closure2'
Event: 16.575 Thread 0x000001c79f25aa40 Unloading class 0x0000000100804000 '_BuildScript_$_run_closure1'
Event: 16.575 Thread 0x000001c79f25aa40 Unloading class 0x00000001007fc800 '_BuildScript_'
Event: 16.575 Thread 0x000001c79f25aa40 Unloading class 0x00000001007dc968 '_BuildScript_$_run_closure1$_closure2'
Event: 16.575 Thread 0x000001c79f25aa40 Unloading class 0x00000001007dc558 '_BuildScript_$_run_closure1'
Event: 16.575 Thread 0x000001c79f25aa40 Unloading class 0x00000001007dc000 '_BuildScript_'
Event: 27.259 Thread 0x000001c79f25aa40 Unloading class 0x000000010089c560 '_BuildScript_$_run_closure1'
Event: 27.259 Thread 0x000001c79f25aa40 Unloading class 0x000000010089c000 '_BuildScript_'

Classes redefined (0 events):
No events

Internal exceptions (20 events):
Event: 16.406 Thread 0x000001c7a54da660 Exception <a 'java/lang/NoSuchMethodError'{0x00000000868adb00}: 'java.lang.Object java.lang.invoke.DirectMethodHandle$Holder.invokeSpecial(java.lang.Object, java.lang.Object, java.lang.Object, java.lang.Object, java.lang.Object, long)'> (0x00000000868adb00) 
thrown [s\src\hotspot\share\interpreter\linkResolver.cpp, line 771]
Event: 16.409 Thread 0x000001c7a54da660 Exception <a 'java/lang/NoSuchMethodError'{0x00000000868d1200}: 'void java.lang.invoke.DirectMethodHandle$Holder.invokeStatic(java.lang.Object, java.lang.Object, java.lang.Object, int, java.lang.Object)'> (0x00000000868d1200) 
thrown [s\src\hotspot\share\interpreter\linkResolver.cpp, line 771]
Event: 16.501 Thread 0x000001c7a5c27e80 Exception <a 'java/lang/NoSuchMethodError'{0x0000000086592ef0}: static Lorg/gradle/internal/build/event/types/DefaultOperationStartedProgressEvent;.<clinit>()V> (0x0000000086592ef0) 
thrown [s\src\hotspot\share\prims\jni.cpp, line 1108]
Event: 16.501 Thread 0x000001c7a5c27e80 Exception <a 'java/lang/NoSuchMethodError'{0x0000000086594b60}: static Lorg/gradle/internal/build/event/types/AbstractProgressEvent;.<clinit>()V> (0x0000000086594b60) 
thrown [s\src\hotspot\share\prims\jni.cpp, line 1108]
Event: 16.502 Thread 0x000001c7a5c27e80 Exception <a 'java/lang/NoSuchMethodError'{0x00000000865a8fb0}: static Lorg/gradle/internal/build/event/types/DefaultFileDownloadDescriptor;.<clinit>()V> (0x00000000865a8fb0) 
thrown [s\src\hotspot\share\prims\jni.cpp, line 1108]
Event: 16.502 Thread 0x000001c7a5c27e80 Exception <a 'java/lang/NoSuchMethodError'{0x00000000865aba18}: static Lorg/gradle/internal/build/event/types/DefaultOperationDescriptor;.<clinit>()V> (0x00000000865aba18) 
thrown [s\src\hotspot\share\prims\jni.cpp, line 1108]
Event: 16.504 Thread 0x000001c7a5c27e80 Exception <a 'java/lang/NoSuchMethodError'{0x00000000865bef90}: static Lorg/gradle/internal/operations/OperationIdentifier;.<clinit>()V> (0x00000000865bef90) 
thrown [s\src\hotspot\share\prims\jni.cpp, line 1108]
Event: 16.560 Thread 0x000001c7a54da660 Exception <a 'sun/nio/fs/WindowsException'{0x0000000087c917e8}> (0x0000000087c917e8) 
thrown [s\src\hotspot\share\prims\jni.cpp, line 517]
Event: 17.465 Thread 0x000001c7a5c27e80 Exception <a 'java/lang/NoSuchMethodError'{0x00000000881861c8}: static Lorg/gradle/internal/build/event/types/DefaultOperationFinishedProgressEvent;.<clinit>()V> (0x00000000881861c8) 
thrown [s\src\hotspot\share\prims\jni.cpp, line 1108]
Event: 17.468 Thread 0x000001c7a5c27e80 Exception <a 'java/lang/NoSuchMethodError'{0x00000000881a45f0}: static Lorg/gradle/internal/build/event/types/NotFoundFileDownloadSuccessResult;.<clinit>()V> (0x00000000881a45f0) 
thrown [s\src\hotspot\share\prims\jni.cpp, line 1108]
Event: 17.468 Thread 0x000001c7a5c27e80 Exception <a 'java/lang/NoSuchMethodError'{0x00000000881a5760}: static Lorg/gradle/internal/build/event/types/AbstractOperationResult;.<clinit>()V> (0x00000000881a5760) 
thrown [s\src\hotspot\share\prims\jni.cpp, line 1108]
Event: 17.469 Thread 0x000001c7a5c27e80 Exception <a 'java/lang/NoSuchMethodError'{0x00000000881a6960}: static Lorg/gradle/internal/build/event/types/AbstractResult;.<clinit>()V> (0x00000000881a6960) 
thrown [s\src\hotspot\share\prims\jni.cpp, line 1108]
Event: 17.735 Thread 0x000001c7a5c27e80 Exception <a 'java/lang/NoSuchMethodError'{0x0000000087f095d0}: static Lorg/gradle/internal/build/event/types/DefaultStatusEvent;.<clinit>()V> (0x0000000087f095d0) 
thrown [s\src\hotspot\share\prims\jni.cpp, line 1108]
Event: 17.737 Thread 0x000001c7a5c27e80 Exception <a 'java/lang/NoSuchMethodError'{0x0000000087f28018}: static Lorg/gradle/internal/build/event/types/DefaultFileDownloadSuccessResult;.<clinit>()V> (0x0000000087f28018) 
thrown [s\src\hotspot\share\prims\jni.cpp, line 1108]
Event: 17.737 Thread 0x000001c7a5c27e80 Exception <a 'java/lang/NoSuchMethodError'{0x0000000087f28e28}: static Lorg/gradle/internal/build/event/types/DefaultSuccessResult;.<clinit>()V> (0x0000000087f28e28) 
thrown [s\src\hotspot\share\prims\jni.cpp, line 1108]
Event: 21.462 Thread 0x000001c79f262410 Implicit null exception at 0x000001c7904052ff to 0x000001c7904054b0
Event: 27.179 Thread 0x000001c7a4c6f740 Exception <a 'sun/nio/fs/WindowsException'{0x0000000088787850}> (0x0000000088787850) 
thrown [s\src\hotspot\share\prims\jni.cpp, line 517]
Event: 28.533 Thread 0x000001c7a4c715a0 Exception <a 'sun/nio/fs/WindowsException'{0x0000000088803e70}> (0x0000000088803e70) 
thrown [s\src\hotspot\share\prims\jni.cpp, line 517]
Event: 28.688 Thread 0x000001c7a4c74330 Exception <a 'sun/nio/fs/WindowsException'{0x0000000087b9e7c0}> (0x0000000087b9e7c0) 
thrown [s\src\hotspot\share\prims\jni.cpp, line 517]
Event: 29.416 Thread 0x000001c7a4c71090 Exception <a 'sun/nio/fs/WindowsException'{0x0000000089e8b840}> (0x0000000089e8b840) 
thrown [s\src\hotspot\share\prims\jni.cpp, line 517]

VM Operations (20 events):
Event: 28.367 Executing VM operation: G1CollectForAllocation done
Event: 28.747 Executing VM operation: G1CollectForAllocation
Event: 28.753 Executing VM operation: G1CollectForAllocation done
Event: 28.830 Executing VM operation: G1PauseRemark
Event: 28.867 Executing VM operation: G1PauseRemark done
Event: 28.901 Executing VM operation: G1PauseCleanup
Event: 28.901 Executing VM operation: G1PauseCleanup done
Event: 28.982 Executing VM operation: G1CollectForAllocation
Event: 28.985 Executing VM operation: G1CollectForAllocation done
Event: 28.999 Executing VM operation: G1CollectForAllocation
Event: 29.002 Executing VM operation: G1CollectForAllocation done
Event: 29.126 Executing VM operation: G1TryInitiateConcMark
Event: 29.134 Executing VM operation: G1TryInitiateConcMark done
Event: 29.210 Executing VM operation: G1PauseRemark
Event: 29.221 Executing VM operation: G1PauseRemark done
Event: 29.269 Executing VM operation: G1PauseCleanup
Event: 29.270 Executing VM operation: G1PauseCleanup done
Event: 29.378 Executing VM operation: G1CollectForAllocation
Event: 29.383 Executing VM operation: G1CollectForAllocation done
Event: 29.617 Executing VM operation: G1CollectForAllocation

Events (20 events):
Event: 23.139 Thread 0x000001c7a4c6e300 Thread added: 0x000001c7a4c6e300
Event: 23.453 Thread 0x000001c7a4c6f230 Thread added: 0x000001c7a4c6f230
Event: 23.453 Thread 0x000001c7a4c73400 Thread added: 0x000001c7a4c73400
Event: 23.454 Thread 0x000001c7a4c724d0 Thread added: 0x000001c7a4c724d0
Event: 23.454 Thread 0x000001c7a4c729e0 Thread added: 0x000001c7a4c729e0
Event: 23.454 Thread 0x000001c7a4c6d8e0 Thread added: 0x000001c7a4c6d8e0
Event: 23.454 Thread 0x000001c7a4c72ef0 Thread added: 0x000001c7a4c72ef0
Event: 23.454 Thread 0x000001c7a4c73e20 Thread added: 0x000001c7a4c73e20
Event: 23.650 loading class java/util/concurrent/locks/ReentrantReadWriteLock$Sync$HoldCounter
Event: 23.650 loading class java/util/concurrent/locks/ReentrantReadWriteLock$Sync$HoldCounter done
Event: 24.489 Thread 0x000001c7a6bcc4f0 Thread added: 0x000001c7a6bcc4f0
Event: 24.576 Thread 0x000001c79f4cd8d0 flushing nmethod 0x000001c7905b4890
Event: 25.829 Thread 0x000001c7a6bcc4f0 Thread exited: 0x000001c7a6bcc4f0
Event: 27.009 Thread 0x000001c7a4c70160 Thread added: 0x000001c7a4c70160
Event: 27.064 Thread 0x000001c7a4c6f740 Thread added: 0x000001c7a4c6f740
Event: 27.073 Thread 0x000001c7a4c70670 Thread added: 0x000001c7a4c70670
Event: 27.075 Thread 0x000001c7a4c71090 Thread added: 0x000001c7a4c71090
Event: 27.173 Thread 0x000001c7a4c715a0 Thread added: 0x000001c7a4c715a0
Event: 27.178 Thread 0x000001c7a4c74330 Thread added: 0x000001c7a4c74330
Event: 27.192 Thread 0x000001c7a4c71fc0 Thread added: 0x000001c7a4c71fc0


Dynamic libraries:
0x00007ff667dd0000 - 0x00007ff667dda000 	C:\Users\tapam\AppData\Local\Programs\Android Studio\jbr\bin\java.exe
0x00007ffadfe10000 - 0x00007ffae0008000 	C:\Windows\SYSTEM32\ntdll.dll
0x00007ffadf180000 - 0x00007ffadf23d000 	C:\Windows\System32\KERNEL32.DLL
0x00007ffadda70000 - 0x00007ffaddd66000 	C:\Windows\System32\KERNELBASE.dll
0x00007ffadd7e0000 - 0x00007ffadd8e0000 	C:\Windows\System32\ucrtbase.dll
0x00007ffad9240000 - 0x00007ffad925b000 	C:\Users\tapam\AppData\Local\Programs\Android Studio\jbr\bin\VCRUNTIME140.dll
0x00007ffacb030000 - 0x00007ffacb047000 	C:\Users\tapam\AppData\Local\Programs\Android Studio\jbr\bin\jli.dll
0x00007ffade860000 - 0x00007ffade9ff000 	C:\Windows\System32\USER32.dll
0x00007ffacad70000 - 0x00007ffacb00a000 	C:\Windows\WinSxS\amd64_microsoft.windows.common-controls_6595b64144ccf1df_6.0.19041.4355_none_60b8b9eb71f62e16\COMCTL32.dll
0x00007ffadda40000 - 0x00007ffadda62000 	C:\Windows\System32\win32u.dll
0x00007ffadf350000 - 0x00007ffadf37b000 	C:\Windows\System32\GDI32.dll
0x00007ffadd670000 - 0x00007ffadd787000 	C:\Windows\System32\gdi32full.dll
0x00007ffadd540000 - 0x00007ffadd5dd000 	C:\Windows\System32\msvcp_win.dll
0x00007ffadea00000 - 0x00007ffadea9e000 	C:\Windows\System32\msvcrt.dll
0x00007ffadf3e0000 - 0x00007ffadf40f000 	C:\Windows\System32\IMM32.DLL
0x00007fface750000 - 0x00007fface75c000 	C:\Users\tapam\AppData\Local\Programs\Android Studio\jbr\bin\vcruntime140_1.dll
0x00007ffaacfd0000 - 0x00007ffaad05d000 	C:\Users\tapam\AppData\Local\Programs\Android Studio\jbr\bin\msvcp140.dll
0x00007ffaad060000 - 0x00007ffaadce3000 	C:\Users\tapam\AppData\Local\Programs\Android Studio\jbr\bin\server\jvm.dll
0x00007ffadf480000 - 0x00007ffadf530000 	C:\Windows\System32\ADVAPI32.dll
0x00007ffade260000 - 0x00007ffade300000 	C:\Windows\System32\sechost.dll
0x00007ffadf530000 - 0x00007ffadf653000 	C:\Windows\System32\RPCRT4.dll
0x00007ffaddd70000 - 0x00007ffaddd97000 	C:\Windows\System32\bcrypt.dll
0x00007ffadd320000 - 0x00007ffadd36b000 	C:\Windows\SYSTEM32\POWRPROF.dll
0x00007ffad10d0000 - 0x00007ffad10da000 	C:\Windows\SYSTEM32\VERSION.dll
0x00007ffad0ce0000 - 0x00007ffad0d07000 	C:\Windows\SYSTEM32\WINMM.dll
0x00007ffabe070000 - 0x00007ffabe079000 	C:\Windows\SYSTEM32\WSOCK32.dll
0x00007ffadf410000 - 0x00007ffadf47b000 	C:\Windows\System32\WS2_32.dll
0x00007ffadd300000 - 0x00007ffadd312000 	C:\Windows\SYSTEM32\UMPDC.dll
0x00007ffadb310000 - 0x00007ffadb322000 	C:\Windows\SYSTEM32\kernel.appcore.dll
0x00007ffad9190000 - 0x00007ffad919a000 	C:\Users\tapam\AppData\Local\Programs\Android Studio\jbr\bin\jimage.dll
0x00007ffad3220000 - 0x00007ffad3404000 	C:\Windows\SYSTEM32\DBGHELP.DLL
0x00007ffac6a90000 - 0x00007ffac6ac4000 	C:\Windows\SYSTEM32\dbgcore.DLL
0x00007ffadd5e0000 - 0x00007ffadd662000 	C:\Windows\System32\bcryptPrimitives.dll
0x00007ffad2e50000 - 0x00007ffad2e5e000 	C:\Users\tapam\AppData\Local\Programs\Android Studio\jbr\bin\instrument.dll
0x00007fface5d0000 - 0x00007fface5f5000 	C:\Users\tapam\AppData\Local\Programs\Android Studio\jbr\bin\java.dll
0x00007ffad86e0000 - 0x00007ffad86f8000 	C:\Users\tapam\AppData\Local\Programs\Android Studio\jbr\bin\zip.dll
0x00007ffadf660000 - 0x00007ffadfdcc000 	C:\Windows\System32\SHELL32.dll
0x00007ffadb510000 - 0x00007ffadbcad000 	C:\Windows\SYSTEM32\windows.storage.dll
0x00007ffade3d0000 - 0x00007ffade723000 	C:\Windows\System32\combase.dll
0x00007ffadcd40000 - 0x00007ffadcd6e000 	C:\Windows\SYSTEM32\Wldp.dll
0x00007ffaddfe0000 - 0x00007ffade0ad000 	C:\Windows\System32\OLEAUT32.dll
0x00007ffadde50000 - 0x00007ffaddefd000 	C:\Windows\System32\SHCORE.dll
0x00007ffade370000 - 0x00007ffade3c5000 	C:\Windows\System32\shlwapi.dll
0x00007ffadd400000 - 0x00007ffadd424000 	C:\Windows\SYSTEM32\profapi.dll
0x00007ffad6320000 - 0x00007ffad6339000 	C:\Users\tapam\AppData\Local\Programs\Android Studio\jbr\bin\net.dll
0x00007ffad5410000 - 0x00007ffad551a000 	C:\Windows\SYSTEM32\WINHTTP.dll
0x00007ffadcb20000 - 0x00007ffadcb8a000 	C:\Windows\system32\mswsock.dll
0x00007fface5b0000 - 0x00007fface5c6000 	C:\Users\tapam\AppData\Local\Programs\Android Studio\jbr\bin\nio.dll
0x00007ffad5700000 - 0x00007ffad5710000 	C:\Users\tapam\AppData\Local\Programs\Android Studio\jbr\bin\verify.dll
0x00007ffaca250000 - 0x00007ffaca277000 	C:\Users\tapam\.gradle\native\c067742578af261105cb4f569cf0c3c89f3d7b1fecec35dd04571415982c5e48\windows-amd64\native-platform.dll
0x00007ffaafcb0000 - 0x00007ffaafdf4000 	C:\Users\tapam\.gradle\native\38dada09dfb8b06ba9b0570ebf7e218e3eb74d4ef43ca46872605cf95ebc2f47\windows-amd64\native-platform-file-events.dll
0x00007ffad8710000 - 0x00007ffad8719000 	C:\Users\tapam\AppData\Local\Programs\Android Studio\jbr\bin\management.dll
0x00007ffad5870000 - 0x00007ffad587b000 	C:\Users\tapam\AppData\Local\Programs\Android Studio\jbr\bin\management_ext.dll
0x00007ffade300000 - 0x00007ffade308000 	C:\Windows\System32\PSAPI.DLL
0x00007ffadcd80000 - 0x00007ffadcd98000 	C:\Windows\SYSTEM32\CRYPTSP.dll
0x00007ffadc460000 - 0x00007ffadc494000 	C:\Windows\system32\rsaenh.dll
0x00007ffadd3b0000 - 0x00007ffadd3de000 	C:\Windows\SYSTEM32\USERENV.dll
0x00007ffadccb0000 - 0x00007ffadccbc000 	C:\Windows\SYSTEM32\CRYPTBASE.dll
0x00007ffadc820000 - 0x00007ffadc85b000 	C:\Windows\SYSTEM32\IPHLPAPI.DLL
0x00007ffadf170000 - 0x00007ffadf178000 	C:\Windows\System32\NSI.dll
0x00007ffad8180000 - 0x00007ffad8197000 	C:\Windows\SYSTEM32\dhcpcsvc6.DLL
0x00007ffad80b0000 - 0x00007ffad80cd000 	C:\Windows\SYSTEM32\dhcpcsvc.DLL
0x00007ffadc860000 - 0x00007ffadc92a000 	C:\Windows\SYSTEM32\DNSAPI.dll
0x00007ffad9180000 - 0x00007ffad9189000 	C:\Users\tapam\AppData\Local\Programs\Android Studio\jbr\bin\extnet.dll
0x00007ffad8660000 - 0x00007ffad8667000 	C:\Windows\system32\wshunix.dll
0x00000000638c0000 - 0x00000000638cb000 	C:\Program Files\National Instruments\Shared\mDNS Responder\nimdnsNSP.dll
0x00000000638a0000 - 0x00000000638b1000 	C:\Windows\SYSTEM32\nimdnsResponder.dll
0x0000000063870000 - 0x0000000063896000 	C:\Program Files\Bonjour\mdnsNSP.dll
0x00007ffad2d80000 - 0x00007ffad2d8a000 	C:\Windows\System32\rasadhlp.dll
0x00007ffad52b0000 - 0x00007ffad5330000 	C:\Windows\System32\fwpuclnt.dll

dbghelp: loaded successfully - version: 4.0.5 - missing functions: none
symbol engine: initialized successfully - sym options: 0x614 - pdb path: .;C:\Users\tapam\AppData\Local\Programs\Android Studio\jbr\bin;C:\Windows\SYSTEM32;C:\Windows\WinSxS\amd64_microsoft.windows.common-controls_6595b64144ccf1df_6.0.19041.4355_none_60b8b9eb71f62e16;C:\Users\tapam\AppData\Local\Programs\Android Studio\jbr\bin\server;C:\Users\tapam\.gradle\native\c067742578af261105cb4f569cf0c3c89f3d7b1fecec35dd04571415982c5e48\windows-amd64;C:\Users\tapam\.gradle\native\38dada09dfb8b06ba9b0570ebf7e218e3eb74d4ef43ca46872605cf95ebc2f47\windows-amd64;C:\Program Files\National Instruments\Shared\mDNS Responder;C:\Program Files\Bonjour

VM Arguments:
jvm_args: --add-opens=java.base/java.util=ALL-UNNAMED --add-opens=java.base/java.lang=ALL-UNNAMED --add-opens=java.base/java.lang.invoke=ALL-UNNAMED --add-opens=java.prefs/java.util.prefs=ALL-UNNAMED --add-opens=java.base/java.nio.charset=ALL-UNNAMED --add-opens=java.base/java.net=ALL-UNNAMED --add-opens=java.base/java.util.concurrent.atomic=ALL-UNNAMED -Xmx2048m -Dfile.encoding=UTF-8 -Duser.country=RU -Duser.language=ru -Duser.variant -javaagent:C:\Users\tapam\.gradle\wrapper\dists\gradle-8.7-bin\bhs2wmbdwecv87pi65oeuq5iu\gradle-8.7\lib\agents\gradle-instrumentation-agent-8.7.jar 
java_command: org.gradle.launcher.daemon.bootstrap.GradleDaemon 8.7
java_class_path (initial): C:\Users\tapam\.gradle\wrapper\dists\gradle-8.7-bin\bhs2wmbdwecv87pi65oeuq5iu\gradle-8.7\lib\gradle-launcher-8.7.jar
Launcher Type: SUN_STANDARD

[Global flags]
     intx CICompilerCount                          = 4                                         {product} {ergonomic}
     uint ConcGCThreads                            = 2                                         {product} {ergonomic}
     uint G1ConcRefinementThreads                  = 8                                         {product} {ergonomic}
   size_t G1HeapRegionSize                         = 1048576                                   {product} {ergonomic}
    uintx GCDrainStackTargetSize                   = 64                                        {product} {ergonomic}
   size_t InitialHeapSize                          = 100663296                                 {product} {ergonomic}
   size_t MarkStackSize                            = 4194304                                   {product} {ergonomic}
   size_t MaxHeapSize                              = 2147483648                                {product} {command line}
   size_t MaxNewSize                               = 1287651328                                {product} {ergonomic}
   size_t MinHeapDeltaBytes                        = 1048576                                   {product} {ergonomic}
   size_t MinHeapSize                              = 8388608                                   {product} {ergonomic}
    uintx NonNMethodCodeHeapSize                   = 5839372                                {pd product} {ergonomic}
    uintx NonProfiledCodeHeapSize                  = 122909434                              {pd product} {ergonomic}
    uintx ProfiledCodeHeapSize                     = 122909434                              {pd product} {ergonomic}
    uintx ReservedCodeCacheSize                    = 251658240                              {pd product} {ergonomic}
     bool SegmentedCodeCache                       = true                                      {product} {ergonomic}
   size_t SoftMaxHeapSize                          = 2147483648                             {manageable} {ergonomic}
     bool UseCompressedClassPointers               = true                           {product lp64_product} {ergonomic}
     bool UseCompressedOops                        = true                           {product lp64_product} {ergonomic}
     bool UseG1GC                                  = true                                      {product} {ergonomic}
     bool UseLargePagesIndividualAllocation        = false                                  {pd product} {ergonomic}

Logging:
Log output configuration:
 #0: stdout all=warning uptime,level,tags
 #1: stderr all=off uptime,level,tags

Environment Variables:
JAVA_HOME=C:\Users\tapam\.jdks\openjdk-18
PATH=C:\Program Files\Common Files\Oracle\Java\javapath;C:\Program Files (x86)\Common Files\Oracle\Java\javapath;C:\Windows\system32;C:\Windows;C:\Windows\System32\Wbem;C:\Windows\System32\WindowsPowerShell\v1.0\;C:\Windows\System32\OpenSSH\;C:\masm32\bin;%PyCharm Community Edition%;C:\Program Files\Git\cmd;C:\Program Files\PuTTY\;C:\Program Files (x86)\dotnet\;C:\Program Files\nodejs\;C:\Program Files\dotnet\;C:\Program Files\mosquitto;;C:\Program Files\Docker\Docker\resources\bin;C:\Program Files (x86)\Geth;C:\Users\tapam\AppData\Local\JetBrains\Toolbox\scripts
USERNAME=tapam
OS=Windows_NT
PROCESSOR_IDENTIFIER=AMD64 Family 23 Model 24 Stepping 1, AuthenticAMD
TMP=C:\Users\tapam\AppData\Local\Temp
TEMP=C:\Users\tapam\AppData\Local\Temp



Periodic native trim disabled

JNI global refs:
JNI global refs: 28, weak refs: 53

JNI global refs memory usage: 843, weak refs: 841

OOME stack traces (most recent first):
Classloader memory used:
Loader org.gradle.internal.classloader.VisitableURLClassLoader                         : 4297K
Loader bootstrap                                                                       : 3427K
Loader org.gradle.initialization.MixInLegacyTypesClassLoader                           : 1333K
Loader org.gradle.internal.classloader.VisitableURLClassLoader                         : 103K
Loader jdk.internal.loader.ClassLoaders$PlatformClassLoader                            : 101K
Loader org.gradle.internal.classloader.VisitableURLClassLoader$InstrumentingVisitableURLClassLoader: 90298B
Loader jdk.internal.reflect.DelegatingClassLoader                                      : 40793B
Loader jdk.internal.loader.ClassLoaders$AppClassLoader                                 : 28766B
Loader org.gradle.groovy.scripts.internal.DefaultScriptCompilationHandler$ScriptClassLoader: 17856B
Loader org.codehaus.groovy.runtime.callsite.CallSiteClassLoader                        : 7709B

Classes loaded by more than one classloader:
Class org.gradle.internal.Cast                                                        : loaded 3 times (x 69B)
Class org.gradle.api.GradleException                                                  : loaded 3 times (x 80B)
Class org.jetbrains.plugins.gradle.model.MavenRepositoryModel                         : loaded 2 times (x 68B)
Class org.gradle.internal.classpath.ClassPath                                         : loaded 2 times (x 68B)
Class org.gradle.api.internal.classpath.DefaultModuleRegistry                         : loaded 2 times (x 84B)
Class org.gradle.internal.exceptions.NonGradleCauseExceptionsHolder                   : loaded 2 times (x 68B)
Class org.gradle.api.Action                                                           : loaded 2 times (x 68B)
Class org.jetbrains.kotlin.idea.gradleTooling.model.samWithReceiver.SamWithReceiverModel: loaded 2 times (x 68B)
Class org.jetbrains.plugins.gradle.model.ExternalProject                              : loaded 2 times (x 68B)
Class org.jetbrains.plugins.gradle.model.IntelliJSettings                             : loaded 2 times (x 68B)
Class settings_crat1nc7wlu4b7qqoc58c6xel                                              : loaded 2 times (x 177B)
Class org.jetbrains.kotlin.idea.gradleTooling.KotlinMPPGradleModel                    : loaded 2 times (x 68B)
Class org.gradle.api.internal.DefaultClassPathProvider                                : loaded 2 times (x 74B)
Class org.gradle.internal.installation.GradleInstallation$1                           : loaded 2 times (x 73B)
Class org.gradle.internal.exceptions.DefaultMultiCauseException                       : loaded 2 times (x 93B)
Class org.gradle.tooling.model.UnsupportedMethodException                             : loaded 2 times (x 80B)
Class org.gradle.util.GradleVersion                                                   : loaded 2 times (x 81B)
Class org.gradle.internal.classloader.FilteringClassLoader                            : loaded 2 times (x 103B)
Class org.gradle.tooling.model.Model                                                  : loaded 2 times (x 68B)
Class org.gradle.internal.classpath.DefaultClassPath$ImmutableUniqueList$Builder      : loaded 2 times (x 73B)
Class org.jetbrains.kotlin.idea.gradleTooling.KotlinSourceSetContainer                : loaded 2 times (x 68B)
Class org.gradle.internal.classloader.ClassLoaderVisitor                              : loaded 2 times (x 74B)
Class org.gradle.internal.time.DefaultCountdownTimer                                  : loaded 2 times (x 86B)
Class org.gradle.internal.service.DefaultServiceLocator                               : loaded 2 times (x 81B)
Class org.jetbrains.plugins.gradle.model.jar.JarTaskManifestConfiguration             : loaded 2 times (x 68B)
Class org.gradle.internal.service.UnknownServiceException                             : loaded 2 times (x 81B)
Class org.jetbrains.plugins.gradle.model.DependencyAccessorsModel                     : loaded 2 times (x 68B)
Class org.gradle.internal.classloader.DefaultClassLoaderFactory                       : loaded 2 times (x 80B)
Class org.jetbrains.plugins.gradle.model.GradleExtensions                             : loaded 2 times (x 68B)
Class org.jetbrains.plugins.gradle.model.VersionCatalogsModel                         : loaded 2 times (x 68B)
Class org.gradle.internal.classloader.VisitableURLClassLoader$Spec                    : loaded 2 times (x 72B)
Class org.gradle.tooling.model.ProjectModel                                           : loaded 2 times (x 68B)
Class org.gradle.internal.time.MonotonicClock                                         : loaded 2 times (x 75B)
Class org.gradle.tooling.internal.gradle.DefaultProjectIdentifier                     : loaded 2 times (x 84B)
Class org.gradle.api.internal.classpath.ModuleRegistry                                : loaded 2 times (x 68B)
Class org.jetbrains.plugins.gradle.model.RepositoriesModel                            : loaded 2 times (x 68B)
Class org.gradle.api.internal.ClassPathProvider                                       : loaded 2 times (x 68B)
Class org.gradle.internal.classloader.ClasspathUtil$1                                 : loaded 2 times (x 74B)
Class org.gradle.internal.classloader.ClassLoaderFactory                              : loaded 2 times (x 68B)
Class org.gradle.api.internal.classpath.ManifestUtil                                  : loaded 2 times (x 69B)
Class org.gradle.api.specs.Spec                                                       : loaded 2 times (x 68B)
Class org.gradle.tooling.internal.gradle.GradleBuildIdentity                          : loaded 2 times (x 68B)
Class org.gradle.internal.IoActions                                                   : loaded 2 times (x 69B)
Class org.gradle.api.internal.classpath.EffectiveClassPath                            : loaded 2 times (x 88B)
Class org.gradle.internal.exceptions.ResolutionProvider                               : loaded 2 times (x 68B)
Class org.jetbrains.kotlin.idea.gradleTooling.model.annotation.AnnotationBasedPluginModel: loaded 2 times (x 68B)
Class org.jetbrains.kotlin.idea.gradleTooling.model.assignment.AssignmentModel        : loaded 2 times (x 68B)
Class org.gradle.internal.installation.CurrentGradleInstallation                      : loaded 2 times (x 71B)
Class org.gradle.internal.agents.InstrumentingClassLoader                             : loaded 2 times (x 68B)
Class org.gradle.internal.installation.CurrentGradleInstallationLocator               : loaded 2 times (x 69B)
Class sync_studio_tooling9_ba8mr3jm3f9c6blv9tl0i34qy                                  : loaded 2 times (x 177B)
Class org.gradle.api.internal.classpath.Module                                        : loaded 2 times (x 68B)
Class org.gradle.internal.service.CachingServiceLocator                               : loaded 2 times (x 80B)
Class org.gradle.internal.time.Timer                                                  : loaded 2 times (x 68B)
Class org.jetbrains.plugins.gradle.model.tests.ExternalTestsModel                     : loaded 2 times (x 68B)
Class org.jetbrains.kotlin.idea.gradleTooling.KotlinDslScriptAdditionalTask           : loaded 2 times (x 68B)
Class org.gradle.internal.classpath.DefaultClassPath                                  : loaded 2 times (x 88B)
Class com.intellij.openapi.externalSystem.model.project.dependencies.ProjectDependencies: loaded 2 times (x 68B)
Class org.jetbrains.kotlin.idea.gradleTooling.PrepareKotlinIdeImportTaskModel         : loaded 2 times (x 68B)
Class org.gradle.internal.impldep.com.google.common.base.Preconditions                : loaded 2 times (x 69B)
Class org.gradle.internal.time.Time                                                   : loaded 2 times (x 69B)
Class org.gradle.internal.time.TimeSource$1                                           : loaded 2 times (x 75B)
Class org.gradle.internal.classloader.SystemClassLoaderSpec                           : loaded 2 times (x 69B)
Class settings_crat1nc7wlu4b7qqoc58c6xel$_run_closure1                                : loaded 2 times (x 137B)
Class kotlin.Function                                                                 : loaded 2 times (x 68B)
Class org.gradle.api.UncheckedIOException                                             : loaded 2 times (x 80B)
Class org.gradle.tooling.internal.gradle.GradleProjectIdentity                        : loaded 2 times (x 68B)
Class org.gradle.internal.time.CountdownTimer                                         : loaded 2 times (x 68B)
Class org.gradle.internal.time.Clock                                                  : loaded 2 times (x 68B)
Class org.gradle.internal.classloader.ClasspathUtil                                   : loaded 2 times (x 69B)
Class org.gradle.tooling.model.BuildIdentifier                                        : loaded 2 times (x 68B)
Class org.gradle.api.internal.DefaultClassPathRegistry                                : loaded 2 times (x 74B)
Class org.gradle.api.internal.classpath.DefaultModuleRegistry$DefaultModule           : loaded 2 times (x 84B)
Class org.gradle.internal.time.TimeSource                                             : loaded 2 times (x 68B)
Class org.jetbrains.kotlin.android.synthetic.idea.AndroidExtensionsGradleModel        : loaded 2 times (x 68B)
Class org.gradle.api.internal.classpath.UnknownModuleException                        : loaded 2 times (x 80B)
Class settings_crat1nc7wlu4b7qqoc58c6xel$_run_closure1$_closure2                      : loaded 2 times (x 137B)
Class org.jetbrains.plugins.gradle.model.IntelliJProjectSettings                      : loaded 2 times (x 68B)
Class org.gradle.internal.service.ServiceLookupException                              : loaded 2 times (x 80B)
Class org.gradle.cache.GlobalCache                                                    : loaded 2 times (x 68B)
Class org.jetbrains.kotlin.idea.gradleTooling.model.lombok.LombokModel                : loaded 2 times (x 68B)
Class org.gradle.tooling.model.ProjectIdentifier                                      : loaded 2 times (x 68B)
Class [Lorg.gradle.api.internal.ClassPathProvider;                                    : loaded 2 times (x 67B)
Class org.gradle.internal.operations.MultipleBuildOperationFailures                   : loaded 2 times (x 93B)
Class org.gradle.util.internal.GUtil                                                  : loaded 2 times (x 69B)
Class org.jetbrains.plugins.gradle.model.AnnotationProcessingModel                    : loaded 2 times (x 68B)
Class org.gradle.internal.classloader.ClassLoaderSpec                                 : loaded 2 times (x 69B)
Class org.gradle.internal.classloader.VisitableURLClassLoader                         : loaded 2 times (x 115B)
Class org.gradle.internal.installation.GradleInstallation                             : loaded 2 times (x 73B)
Class org.gradle.api.internal.ClassPathRegistry                                       : loaded 2 times (x 68B)
Class org.gradle.internal.classloader.VisitableURLClassLoader$InstrumentingVisitableURLClassLoader: loaded 2 times (x 121B)
Class org.gradle.internal.classloader.ClassLoaderHierarchy                            : loaded 2 times (x 68B)
Class ijInit1_1yrbn8bnkfiode0d2e7xrk7t0                                               : loaded 2 times (x 177B)
Class org.gradle.internal.exceptions.MultiCauseException                              : loaded 2 times (x 68B)
Class org.jetbrains.kotlin.idea.gradleTooling.model.parcelize.ParcelizeGradleModel    : loaded 2 times (x 68B)
Class org.gradle.internal.InternalTransformer                                         : loaded 2 times (x 68B)
Class org.jetbrains.kotlin.idea.gradleTooling.model.noarg.NoArgModel                  : loaded 2 times (x 68B)
Class org.jetbrains.kotlin.idea.gradleTooling.KotlinGradleModel                       : loaded 2 times (x 68B)
Class org.gradle.tooling.internal.gradle.DefaultBuildIdentifier                       : loaded 2 times (x 77B)
Class org.gradle.internal.service.ServiceLocator                                      : loaded 2 times (x 68B)
Class org.jetbrains.kotlin.idea.gradleTooling.model.allopen.AllOpenModel              : loaded 2 times (x 68B)
Class sync_studio_tooling9_ba8mr3jm3f9c6blv9tl0i34qy$_run_closure1                    : loaded 2 times (x 137B)
Class org.gradle.internal.classpath.DefaultClassPath$ImmutableUniqueList              : loaded 2 times (x 159B)
Class org.gradle.internal.time.DefaultTimer                                           : loaded 2 times (x 78B)
Class org.gradle.internal.classpath.TransformedClassPath                              : loaded 2 times (x 94B)


---------------  S Y S T E M  ---------------

OS:
 Windows 10 , 64 bit Build 19041 (10.0.19041.3636)
OS uptime: 0 days 6:00 hours
Hyper-V role detected

CPU: total 8 (initial active 8) (8 cores per cpu, 2 threads per core) family 23 model 24 stepping 1 microcode 0x0, cx8, cmov, fxsr, ht, mmx, 3dnowpref, sse, sse2, sse3, ssse3, sse4a, sse4.1, sse4.2, popcnt, lzcnt, tsc, tscinvbit, avx, avx2, aes, clmul, bmi1, bmi2, adx, sha, fma, vzeroupper, clflush, clflushopt, hv
Processor Information for all 8 processors :
  Max Mhz: 2100, Current Mhz: 2100, Mhz Limit: 2100

Memory: 4k page, system-wide physical 6089M (343M free)
TotalPageFile size 24521M (AvailPageFile size 22M)
current process WorkingSet (physical memory assigned to process): 298M, peak: 349M
current process commit charge ("private bytes"): 411M, peak: 524M

vm_info: OpenJDK 64-Bit Server VM (17.0.10+0--11609105) for windows-amd64 JRE (17.0.10+0--11609105), built on Mar 21 2024 19:10:56 by "androidbuild" with MS VC++ 16.10 / 16.11 (VS2019)

END.
