#
# There is insufficient memory for the Java Runtime Environment to continue.
# Native memory allocation (malloc) failed to allocate 1243280 bytes for Chunk::new
# Possible reasons:
#   The system is out of physical RAM or swap space
#   The process is running with CompressedOops enabled, and the Java Heap may be blocking the growth of the native heap
# Possible solutions:
#   Reduce memory load on the system
#   Increase physical memory or swap space
#   Check if swap backing store is full
#   Decrease Java heap size (-Xmx/-Xms)
#   Decrease number of Java threads
#   Decrease Java thread stack sizes (-Xss)
#   Set larger code cache with -XX:ReservedCodeCacheSize=
#   JVM is running with Unscaled Compressed Oops mode in which the Java heap is
#     placed in the first 4GB address space. The Java Heap base address is the
#     maximum limit for the native heap growth. Please use -XX:HeapBaseMinAddress
#     to set the Java Heap base and to place the Java Heap above 4GB virtual address.
# This output file may be truncated or incomplete.
#
#  Out of Memory Error (arena.cpp:191), pid=4996, tid=7452
#
# JRE version: OpenJDK Runtime Environment (17.0.10) (build 17.0.10+0--11609105)
# Java VM: OpenJDK 64-Bit Server VM (17.0.10+0--11609105, mixed mode, tiered, compressed oops, compressed class ptrs, g1 gc, windows-amd64)
# No core dump will be written. Minidumps are not enabled by default on client versions of Windows
#

---------------  S U M M A R Y ------------

Command Line: --add-opens=java.base/java.util=ALL-UNNAMED --add-opens=java.base/java.lang=ALL-UNNAMED --add-opens=java.base/java.lang.invoke=ALL-UNNAMED --add-opens=java.prefs/java.util.prefs=ALL-UNNAMED --add-opens=java.base/java.nio.charset=ALL-UNNAMED --add-opens=java.base/java.net=ALL-UNNAMED --add-opens=java.base/java.util.concurrent.atomic=ALL-UNNAMED -Xmx2048m -Dfile.encoding=UTF-8 -Duser.country=RU -Duser.language=ru -Duser.variant -javaagent:C:\Users\tapam\.gradle\wrapper\dists\gradle-8.7-bin\bhs2wmbdwecv87pi65oeuq5iu\gradle-8.7\lib\agents\gradle-instrumentation-agent-8.7.jar org.gradle.launcher.daemon.bootstrap.GradleDaemon 8.7

Host: AMD Ryzen 5 3550H with Radeon Vega Mobile Gfx  , 8 cores, 5G,  Windows 10 , 64 bit Build 19041 (10.0.19041.3636)
Time: Sat Jun 22 22:17:42 2024 RTZ 2 (s 10 , 64 bit Build 19041 (10.0.19041.3636) elapsed time: 5.079796 seconds (0d 0h 0m 5s)

---------------  T H R E A D  ---------------

Current thread (0x000002187e021240):  JavaThread "C2 CompilerThread0" daemon [_thread_in_native, id=7452, stack(0x000000f1ab100000,0x000000f1ab200000)]


Current CompileTask:
C2:   5079 2245       4       jdk.internal.org.objectweb.asm.Frame::execute (2305 bytes)

Stack: [0x000000f1ab100000,0x000000f1ab200000]
Native frames: (J=compiled Java code, j=interpreted, Vv=VM code, C=native code)
V  [jvm.dll+0x688de9]
V  [jvm.dll+0x8423da]
V  [jvm.dll+0x84401e]
V  [jvm.dll+0x844683]
V  [jvm.dll+0x24be0f]
V  [jvm.dll+0xac524]
V  [jvm.dll+0xacb6c]
V  [jvm.dll+0x36bd67]
V  [jvm.dll+0x1bde16]
V  [jvm.dll+0x21dbf9]
V  [jvm.dll+0x21cec1]
V  [jvm.dll+0x1a60ad]
V  [jvm.dll+0x22cd78]
V  [jvm.dll+0x22aeb0]
V  [jvm.dll+0x7f6877]
V  [jvm.dll+0x7f0c7a]
V  [jvm.dll+0x687c65]
C  [ucrtbase.dll+0x21bb2]
C  [KERNEL32.DLL+0x17344]
C  [ntdll.dll+0x4cc91]


---------------  P R O C E S S  ---------------

Threads class SMR info:
_java_thread_list=0x000002180f43e5f0, length=25, elements={
0x000002186ee5ff20, 0x000002187e013260, 0x0000021879cc4d20, 0x0000021879cfe820,
0x0000021879cff2f0, 0x000002187e01c380, 0x000002187e01d470, 0x000002187e021240,
0x000002187e021b50, 0x000002187e078810, 0x000002187e1fa6f0, 0x000002187e2b2570,
0x000002187fa687f0, 0x000002187f35a5a0, 0x000002187f38c9e0, 0x000002187f7c0bd0,
0x000002187fbb9800, 0x000002187f842510, 0x000002187f8415e0, 0x000002187f843440,
0x000002187f840bc0, 0x000002187f8406b0, 0x000002187f841af0, 0x000002187f842000,
0x000002187f842a20
}

Java Threads: ( => current thread )
  0x000002186ee5ff20 JavaThread "main" [_thread_blocked, id=13336, stack(0x000000f1aa400000,0x000000f1aa500000)]
  0x000002187e013260 JavaThread "Reference Handler" daemon [_thread_blocked, id=6296, stack(0x000000f1aab00000,0x000000f1aac00000)]
  0x0000021879cc4d20 JavaThread "Finalizer" daemon [_thread_blocked, id=10412, stack(0x000000f1aac00000,0x000000f1aad00000)]
  0x0000021879cfe820 JavaThread "Signal Dispatcher" daemon [_thread_blocked, id=12940, stack(0x000000f1aad00000,0x000000f1aae00000)]
  0x0000021879cff2f0 JavaThread "Attach Listener" daemon [_thread_blocked, id=11644, stack(0x000000f1aae00000,0x000000f1aaf00000)]
  0x000002187e01c380 JavaThread "Service Thread" daemon [_thread_blocked, id=3588, stack(0x000000f1aaf00000,0x000000f1ab000000)]
  0x000002187e01d470 JavaThread "Monitor Deflation Thread" daemon [_thread_blocked, id=12196, stack(0x000000f1ab000000,0x000000f1ab100000)]
=>0x000002187e021240 JavaThread "C2 CompilerThread0" daemon [_thread_in_native, id=7452, stack(0x000000f1ab100000,0x000000f1ab200000)]
  0x000002187e021b50 JavaThread "C1 CompilerThread0" daemon [_thread_blocked, id=3732, stack(0x000000f1ab200000,0x000000f1ab300000)]
  0x000002187e078810 JavaThread "Sweeper thread" daemon [_thread_blocked, id=5260, stack(0x000000f1ab300000,0x000000f1ab400000)]
  0x000002187e1fa6f0 JavaThread "Common-Cleaner" daemon [_thread_blocked, id=13392, stack(0x000000f1ab400000,0x000000f1ab500000)]
  0x000002187e2b2570 JavaThread "Notification Thread" daemon [_thread_blocked, id=3044, stack(0x000000f1ab500000,0x000000f1ab600000)]
  0x000002187fa687f0 JavaThread "Daemon health stats" [_thread_blocked, id=11620, stack(0x000000f1abb00000,0x000000f1abc00000)]
  0x000002187f35a5a0 JavaThread "Incoming local TCP Connector on port 64068" [_thread_in_native, id=12824, stack(0x000000f1abc00000,0x000000f1abd00000)]
  0x000002187f38c9e0 JavaThread "Daemon periodic checks" [_thread_blocked, id=6232, stack(0x000000f1abd00000,0x000000f1abe00000)]
  0x000002187f7c0bd0 JavaThread "Daemon" [_thread_blocked, id=2332, stack(0x000000f1abe00000,0x000000f1abf00000)]
  0x000002187fbb9800 JavaThread "Handler for socket connection from /127.0.0.1:64068 to /127.0.0.1:64070" [_thread_in_native, id=2004, stack(0x000000f1abf00000,0x000000f1ac000000)]
  0x000002187f842510 JavaThread "Cancel handler" [_thread_blocked, id=8156, stack(0x000000f1ac000000,0x000000f1ac100000)]
  0x000002187f8415e0 JavaThread "Daemon worker" [_thread_in_Java, id=13764, stack(0x000000f1ac100000,0x000000f1ac200000)]
  0x000002187f843440 JavaThread "Asynchronous log dispatcher for DefaultDaemonConnection: socket connection from /127.0.0.1:64068 to /127.0.0.1:64070" [_thread_blocked, id=12280, stack(0x000000f1ac200000,0x000000f1ac300000)]
  0x000002187f840bc0 JavaThread "Stdin handler" [_thread_blocked, id=12368, stack(0x000000f1ac300000,0x000000f1ac400000)]
  0x000002187f8406b0 JavaThread "Daemon client event forwarder" [_thread_blocked, id=2180, stack(0x000000f1ac400000,0x000000f1ac500000)]
  0x000002187f841af0 JavaThread "Cache worker for journal cache (C:\Users\tapam\.gradle\caches\journal-1)" [_thread_blocked, id=10256, stack(0x000000f1ac900000,0x000000f1aca00000)]
  0x000002187f842000 JavaThread "File lock request listener" [_thread_in_native, id=10796, stack(0x000000f1aca00000,0x000000f1acb00000)]
  0x000002187f842a20 JavaThread "Cache worker for file hash cache (C:\Users\tapam\.gradle\caches\8.7\fileHashes)" [_thread_blocked, id=3820, stack(0x000000f1acb00000,0x000000f1acc00000)]

Other Threads:
  0x0000021879ceea20 VMThread "VM Thread" [stack: 0x000000f1aaa00000,0x000000f1aab00000] [id=13496]
  0x000002186ee60b90 WatcherThread [stack: 0x000000f1ab600000,0x000000f1ab700000] [id=5832]
  0x000002186eebcc20 GCTaskThread "GC Thread#0" [stack: 0x000000f1aa500000,0x000000f1aa600000] [id=3524]
  0x000002187f00e2c0 GCTaskThread "GC Thread#1" [stack: 0x000000f1ab700000,0x000000f1ab800000] [id=6560]
  0x000002187f0e6790 GCTaskThread "GC Thread#2" [stack: 0x000000f1ab800000,0x000000f1ab900000] [id=12892]
  0x000002187f113ec0 GCTaskThread "GC Thread#3" [stack: 0x000000f1ab900000,0x000000f1aba00000] [id=7808]
  0x000002187ee1b5b0 GCTaskThread "GC Thread#4" [stack: 0x000000f1aba00000,0x000000f1abb00000] [id=6836]
  0x000002180f161020 GCTaskThread "GC Thread#5" [stack: 0x000000f1ac500000,0x000000f1ac600000] [id=4032]
  0x000002187fbb9ce0 GCTaskThread "GC Thread#6" [stack: 0x000000f1ac600000,0x000000f1ac700000] [id=13176]
  0x000002180f074030 GCTaskThread "GC Thread#7" [stack: 0x000000f1ac700000,0x000000f1ac800000] [id=12948]
  0x000002186eece220 ConcurrentGCThread "G1 Main Marker" [stack: 0x000000f1aa600000,0x000000f1aa700000] [id=5440]
  0x000002186eeceb50 ConcurrentGCThread "G1 Conc#0" [stack: 0x000000f1aa700000,0x000000f1aa800000] [id=1940]
  0x000002180f069cc0 ConcurrentGCThread "G1 Conc#1" [stack: 0x000000f1ac800000,0x000000f1ac900000] [id=14008]
  0x0000021879b324b0 ConcurrentGCThread "G1 Refine#0" [stack: 0x000000f1aa800000,0x000000f1aa900000] [id=7024]
  0x0000021879b33d00 ConcurrentGCThread "G1 Service" [stack: 0x000000f1aa900000,0x000000f1aaa00000] [id=11748]

Threads with active compile tasks:
C2 CompilerThread0     5104 2245       4       jdk.internal.org.objectweb.asm.Frame::execute (2305 bytes)

VM state: not at safepoint (normal execution)

VM Mutex/Monitor currently owned by a thread: None

Heap address: 0x0000000080000000, size: 2048 MB, Compressed Oops mode: 32-bit

CDS archive(s) not mapped
Compressed class space mapped at: 0x0000000100000000-0x0000000140000000, reserved size: 1073741824
Narrow klass base: 0x0000000000000000, Narrow klass shift: 3, Narrow klass range: 0x140000000

GC Precious Log:
 CPUs: 8 total, 8 available
 Memory: 6089M
 Large Page Support: Disabled
 NUMA Support: Disabled
 Compressed Oops: Enabled (32-bit)
 Heap Region Size: 1M
 Heap Min Capacity: 8M
 Heap Initial Capacity: 96M
 Heap Max Capacity: 2G
 Pre-touch: Disabled
 Parallel Workers: 8
 Concurrent Workers: 2
 Concurrent Refinement Workers: 8
 Periodic GC: Disabled

Heap:
 garbage-first heap   total 75776K, used 39523K [0x0000000080000000, 0x0000000100000000)
  region size 1024K, 22 young (22528K), 1 survivors (1024K)
 Metaspace       used 24912K, committed 25216K, reserved 1114112K
  class space    used 3066K, committed 3200K, reserved 1048576K

Heap Regions: E=young(eden), S=young(survivor), O=old, HS=humongous(starts), HC=humongous(continues), CS=collection set, F=free, OA=open archive, CA=closed archive, TAMS=top-at-mark-start (previous, next)
|   0|0x0000000080000000, 0x0000000080100000, 0x0000000080100000|100%|HS|  |TAMS 0x0000000080100000, 0x0000000080000000| Complete 
|   1|0x0000000080100000, 0x0000000080200000, 0x0000000080200000|100%|HC|  |TAMS 0x0000000080200000, 0x0000000080100000| Complete 
|   2|0x0000000080200000, 0x0000000080300000, 0x0000000080300000|100%|HC|  |TAMS 0x0000000080300000, 0x0000000080200000| Complete 
|   3|0x0000000080300000, 0x0000000080400000, 0x0000000080400000|100%|HC|  |TAMS 0x0000000080400000, 0x0000000080300000| Complete 
|   4|0x0000000080400000, 0x0000000080500000, 0x0000000080500000|100%| O|  |TAMS 0x0000000080500000, 0x0000000080400000| Untracked 
|   5|0x0000000080500000, 0x0000000080600000, 0x0000000080600000|100%| O|  |TAMS 0x0000000080600000, 0x0000000080500000| Untracked 
|   6|0x0000000080600000, 0x0000000080700000, 0x0000000080700000|100%| O|  |TAMS 0x0000000080700000, 0x0000000080600000| Untracked 
|   7|0x0000000080700000, 0x0000000080800000, 0x0000000080800000|100%| O|  |TAMS 0x0000000080800000, 0x0000000080700000| Untracked 
|   8|0x0000000080800000, 0x0000000080900000, 0x0000000080900000|100%| O|  |TAMS 0x0000000080900000, 0x0000000080800000| Untracked 
|   9|0x0000000080900000, 0x0000000080a00000, 0x0000000080a00000|100%| O|  |TAMS 0x0000000080a00000, 0x0000000080900000| Untracked 
|  10|0x0000000080a00000, 0x0000000080b00000, 0x0000000080b00000|100%| O|  |TAMS 0x0000000080b00000, 0x0000000080a00000| Untracked 
|  11|0x0000000080b00000, 0x0000000080c00000, 0x0000000080c00000|100%| O|  |TAMS 0x0000000080b00000, 0x0000000080b00000| Untracked 
|  12|0x0000000080c00000, 0x0000000080d00000, 0x0000000080d00000|100%| O|  |TAMS 0x0000000080d00000, 0x0000000080c00000| Untracked 
|  13|0x0000000080d00000, 0x0000000080e00000, 0x0000000080e00000|100%| O|  |TAMS 0x0000000080e00000, 0x0000000080d00000| Untracked 
|  14|0x0000000080e00000, 0x0000000080f00000, 0x0000000080f00000|100%| O|  |TAMS 0x0000000080e53400, 0x0000000080e00000| Untracked 
|  15|0x0000000080f00000, 0x0000000081000000, 0x0000000081000000|100%| O|  |TAMS 0x0000000080f00000, 0x0000000080f00000| Untracked 
|  16|0x0000000081000000, 0x0000000081100000, 0x0000000081100000|100%| O|  |TAMS 0x0000000081000000, 0x0000000081000000| Untracked 
|  17|0x0000000081100000, 0x0000000081200000, 0x0000000081200000|100%| O|  |TAMS 0x0000000081100000, 0x0000000081100000| Untracked 
|  18|0x0000000081200000, 0x0000000081300000, 0x0000000081300000|100%| O|  |TAMS 0x0000000081200000, 0x0000000081200000| Untracked 
|  19|0x0000000081300000, 0x000000008133da00, 0x0000000081400000| 24%| O|  |TAMS 0x0000000081300000, 0x0000000081300000| Untracked 
|  20|0x0000000081400000, 0x0000000081400000, 0x0000000081500000|  0%| F|  |TAMS 0x0000000081400000, 0x0000000081400000| Untracked 
|  21|0x0000000081500000, 0x0000000081500000, 0x0000000081600000|  0%| F|  |TAMS 0x0000000081500000, 0x0000000081500000| Untracked 
|  22|0x0000000081600000, 0x0000000081600000, 0x0000000081700000|  0%| F|  |TAMS 0x0000000081600000, 0x0000000081600000| Untracked 
|  23|0x0000000081700000, 0x0000000081700000, 0x0000000081800000|  0%| F|  |TAMS 0x0000000081700000, 0x0000000081700000| Untracked 
|  24|0x0000000081800000, 0x0000000081800000, 0x0000000081900000|  0%| F|  |TAMS 0x0000000081800000, 0x0000000081800000| Untracked 
|  25|0x0000000081900000, 0x0000000081900000, 0x0000000081a00000|  0%| F|  |TAMS 0x0000000081900000, 0x0000000081900000| Untracked 
|  26|0x0000000081a00000, 0x0000000081a00000, 0x0000000081b00000|  0%| F|  |TAMS 0x0000000081a00000, 0x0000000081a00000| Untracked 
|  27|0x0000000081b00000, 0x0000000081b00000, 0x0000000081c00000|  0%| F|  |TAMS 0x0000000081b00000, 0x0000000081b00000| Untracked 
|  28|0x0000000081c00000, 0x0000000081c00000, 0x0000000081d00000|  0%| F|  |TAMS 0x0000000081c00000, 0x0000000081c00000| Untracked 
|  29|0x0000000081d00000, 0x0000000081d00000, 0x0000000081e00000|  0%| F|  |TAMS 0x0000000081d00000, 0x0000000081d00000| Untracked 
|  30|0x0000000081e00000, 0x0000000081e00000, 0x0000000081f00000|  0%| F|  |TAMS 0x0000000081e00000, 0x0000000081e00000| Untracked 
|  31|0x0000000081f00000, 0x0000000081f00000, 0x0000000082000000|  0%| F|  |TAMS 0x0000000081f00000, 0x0000000081f00000| Untracked 
|  32|0x0000000082000000, 0x0000000082000000, 0x0000000082100000|  0%| F|  |TAMS 0x0000000082000000, 0x0000000082000000| Untracked 
|  33|0x0000000082100000, 0x0000000082100000, 0x0000000082200000|  0%| F|  |TAMS 0x0000000082100000, 0x0000000082100000| Untracked 
|  34|0x0000000082200000, 0x0000000082200000, 0x0000000082300000|  0%| F|  |TAMS 0x0000000082200000, 0x0000000082200000| Untracked 
|  35|0x0000000082300000, 0x0000000082300000, 0x0000000082400000|  0%| F|  |TAMS 0x0000000082300000, 0x0000000082300000| Untracked 
|  36|0x0000000082400000, 0x0000000082400000, 0x0000000082500000|  0%| F|  |TAMS 0x0000000082400000, 0x0000000082400000| Untracked 
|  37|0x0000000082500000, 0x0000000082500000, 0x0000000082600000|  0%| F|  |TAMS 0x0000000082500000, 0x0000000082500000| Untracked 
|  38|0x0000000082600000, 0x0000000082600000, 0x0000000082700000|  0%| F|  |TAMS 0x0000000082600000, 0x0000000082600000| Untracked 
|  39|0x0000000082700000, 0x0000000082700000, 0x0000000082800000|  0%| F|  |TAMS 0x0000000082700000, 0x0000000082700000| Untracked 
|  40|0x0000000082800000, 0x0000000082800000, 0x0000000082900000|  0%| F|  |TAMS 0x0000000082800000, 0x0000000082800000| Untracked 
|  41|0x0000000082900000, 0x0000000082900000, 0x0000000082a00000|  0%| F|  |TAMS 0x0000000082900000, 0x0000000082900000| Untracked 
|  42|0x0000000082a00000, 0x0000000082a00000, 0x0000000082b00000|  0%| F|  |TAMS 0x0000000082a00000, 0x0000000082a00000| Untracked 
|  43|0x0000000082b00000, 0x0000000082b00000, 0x0000000082c00000|  0%| F|  |TAMS 0x0000000082b00000, 0x0000000082b00000| Untracked 
|  44|0x0000000082c00000, 0x0000000082c00000, 0x0000000082d00000|  0%| F|  |TAMS 0x0000000082c00000, 0x0000000082c00000| Untracked 
|  45|0x0000000082d00000, 0x0000000082d00000, 0x0000000082e00000|  0%| F|  |TAMS 0x0000000082d00000, 0x0000000082d00000| Untracked 
|  46|0x0000000082e00000, 0x0000000082e00000, 0x0000000082f00000|  0%| F|  |TAMS 0x0000000082e00000, 0x0000000082e00000| Untracked 
|  47|0x0000000082f00000, 0x0000000082f00000, 0x0000000083000000|  0%| F|  |TAMS 0x0000000082f00000, 0x0000000082f00000| Untracked 
|  48|0x0000000083000000, 0x0000000083000000, 0x0000000083100000|  0%| F|  |TAMS 0x0000000083000000, 0x0000000083000000| Untracked 
|  49|0x0000000083100000, 0x0000000083100000, 0x0000000083200000|  0%| F|  |TAMS 0x0000000083100000, 0x0000000083100000| Untracked 
|  50|0x0000000083200000, 0x0000000083200000, 0x0000000083300000|  0%| F|  |TAMS 0x0000000083200000, 0x0000000083200000| Untracked 
|  51|0x0000000083300000, 0x0000000083300000, 0x0000000083400000|  0%| F|  |TAMS 0x0000000083300000, 0x0000000083300000| Untracked 
|  52|0x0000000083400000, 0x0000000083500000, 0x0000000083500000|100%| E|  |TAMS 0x0000000083400000, 0x0000000083400000| Complete 
|  53|0x0000000083500000, 0x0000000083600000, 0x0000000083600000|100%| E|CS|TAMS 0x0000000083500000, 0x0000000083500000| Complete 
|  54|0x0000000083600000, 0x0000000083700000, 0x0000000083700000|100%| E|CS|TAMS 0x0000000083600000, 0x0000000083600000| Complete 
|  55|0x0000000083700000, 0x0000000083800000, 0x0000000083800000|100%| E|CS|TAMS 0x0000000083700000, 0x0000000083700000| Complete 
|  56|0x0000000083800000, 0x0000000083900000, 0x0000000083900000|100%| E|CS|TAMS 0x0000000083800000, 0x0000000083800000| Complete 
|  57|0x0000000083900000, 0x0000000083a00000, 0x0000000083a00000|100%| E|CS|TAMS 0x0000000083900000, 0x0000000083900000| Complete 
|  58|0x0000000083a00000, 0x0000000083b00000, 0x0000000083b00000|100%| E|CS|TAMS 0x0000000083a00000, 0x0000000083a00000| Complete 
|  59|0x0000000083b00000, 0x0000000083c00000, 0x0000000083c00000|100%| E|CS|TAMS 0x0000000083b00000, 0x0000000083b00000| Complete 
|  60|0x0000000083c00000, 0x0000000083d00000, 0x0000000083d00000|100%| E|CS|TAMS 0x0000000083c00000, 0x0000000083c00000| Complete 
|  61|0x0000000083d00000, 0x0000000083e00000, 0x0000000083e00000|100%| E|CS|TAMS 0x0000000083d00000, 0x0000000083d00000| Complete 
|  62|0x0000000083e00000, 0x0000000083f00000, 0x0000000083f00000|100%| E|CS|TAMS 0x0000000083e00000, 0x0000000083e00000| Complete 
|  63|0x0000000083f00000, 0x0000000084000000, 0x0000000084000000|100%| E|CS|TAMS 0x0000000083f00000, 0x0000000083f00000| Complete 
|  64|0x0000000084000000, 0x0000000084100000, 0x0000000084100000|100%| E|CS|TAMS 0x0000000084000000, 0x0000000084000000| Complete 
|  65|0x0000000084100000, 0x0000000084200000, 0x0000000084200000|100%| E|CS|TAMS 0x0000000084100000, 0x0000000084100000| Complete 
|  66|0x0000000084200000, 0x0000000084300000, 0x0000000084300000|100%| E|CS|TAMS 0x0000000084200000, 0x0000000084200000| Complete 
|  67|0x0000000084300000, 0x0000000084400000, 0x0000000084400000|100%| E|CS|TAMS 0x0000000084300000, 0x0000000084300000| Complete 
|  68|0x0000000084400000, 0x0000000084500000, 0x0000000084500000|100%| E|CS|TAMS 0x0000000084400000, 0x0000000084400000| Complete 
|  69|0x0000000084500000, 0x0000000084600000, 0x0000000084600000|100%| E|CS|TAMS 0x0000000084500000, 0x0000000084500000| Complete 
|  70|0x0000000084600000, 0x0000000084700000, 0x0000000084700000|100%| E|CS|TAMS 0x0000000084600000, 0x0000000084600000| Complete 
|  71|0x0000000084700000, 0x0000000084800000, 0x0000000084800000|100%| E|  |TAMS 0x0000000084700000, 0x0000000084700000| Complete 
|  93|0x0000000085d00000, 0x0000000085d5b540, 0x0000000085e00000| 35%| S|CS|TAMS 0x0000000085d00000, 0x0000000085d00000| Complete 
|  95|0x0000000085f00000, 0x0000000086000000, 0x0000000086000000|100%| E|CS|TAMS 0x0000000085f00000, 0x0000000085f00000| Complete 

Card table byte_map: [0x0000021872a80000,0x0000021872e80000] _byte_map_base: 0x0000021872680000

Marking Bits (Prev, Next): (CMBitMap*) 0x000002186eebd190, (CMBitMap*) 0x000002186eebd150
 Prev Bits: [0x0000021875280000, 0x0000021877280000)
 Next Bits: [0x0000021873280000, 0x0000021875280000)

Polling page: 0x000002186ce10000

Metaspace:

Usage:
  Non-class:     21.35 MB used.
      Class:      3.00 MB used.
       Both:     24.34 MB used.

Virtual space:
  Non-class space:       64.00 MB reserved,      21.50 MB ( 34%) committed,  1 nodes.
      Class space:        1.00 GB reserved,       3.12 MB ( <1%) committed,  1 nodes.
             Both:        1.06 GB reserved,      24.62 MB (  2%) committed. 

Chunk freelists:
   Non-Class:  9.70 MB
       Class:  12.77 MB
        Both:  22.47 MB

MaxMetaspaceSize: unlimited
CompressedClassSpaceSize: 1.00 GB
Initial GC threshold: 21.00 MB
Current GC threshold: 35.12 MB
CDS: off
MetaspaceReclaimPolicy: balanced
 - commit_granule_bytes: 65536.
 - commit_granule_words: 8192.
 - virtual_space_node_default_size: 8388608.
 - enlarge_chunks_in_place: 1.
 - new_chunks_are_fully_committed: 0.
 - uncommit_free_chunks: 1.
 - use_allocation_guard: 0.
 - handle_deallocations: 1.


Internal statistics:

num_allocs_failed_limit: 3.
num_arena_births: 226.
num_arena_deaths: 0.
num_vsnodes_births: 2.
num_vsnodes_deaths: 0.
num_space_committed: 394.
num_space_uncommitted: 0.
num_chunks_returned_to_freelist: 3.
num_chunks_taken_from_freelist: 747.
num_chunk_merges: 3.
num_chunk_splits: 478.
num_chunks_enlarged: 344.
num_inconsistent_stats: 0.

CodeHeap 'non-profiled nmethods': size=120000Kb used=1094Kb max_used=1094Kb free=118905Kb
 bounds [0x0000021807ad0000, 0x0000021807d40000, 0x000002180f000000]
CodeHeap 'profiled nmethods': size=120000Kb used=4627Kb max_used=4627Kb free=115372Kb
 bounds [0x0000021800000000, 0x0000021800490000, 0x0000021807530000]
CodeHeap 'non-nmethods': size=5760Kb used=1218Kb max_used=1232Kb free=4541Kb
 bounds [0x0000021807530000, 0x00000218077a0000, 0x0000021807ad0000]
 total_blobs=2829 nmethods=2300 adapters=441
 compilation: enabled
              stopped_count=0, restarted_count=0
 full_count=0

Compilation events (20 events):
Event: 5.000 Thread 0x000002187e021b50 2291       3       org.gradle.internal.file.FilePathUtil::sizeOfCommonPrefix (10 bytes)
Event: 5.000 Thread 0x000002187e021b50 nmethod 2291 0x0000021800479610 code [0x00000218004797a0, 0x00000218004798c8]
Event: 5.000 Thread 0x000002187e021b50 2292       1       jdk.internal.reflect.DelegatingMethodAccessorImpl::setDelegate (6 bytes)
Event: 5.000 Thread 0x000002187e021b50 nmethod 2292 0x0000021807be0290 code [0x0000021807be0420, 0x0000021807be0538]
Event: 5.002 Thread 0x000002187e021b50 2293       3       jdk.internal.misc.VM::isSystemDomainLoader (17 bytes)
Event: 5.002 Thread 0x000002187e021b50 nmethod 2293 0x0000021800479990 code [0x0000021800479be0, 0x000002180047a678]
Event: 5.003 Thread 0x000002187e021b50 2294       3       jdk.internal.reflect.MethodAccessorImpl::<init> (5 bytes)
Event: 5.003 Thread 0x000002187e021b50 nmethod 2294 0x000002180047a990 code [0x000002180047ab40, 0x000002180047acf8]
Event: 5.003 Thread 0x000002187e021b50 2295       1       java.lang.reflect.Method::getMethodAccessor (5 bytes)
Event: 5.003 Thread 0x000002187e021b50 nmethod 2295 0x0000021807be0590 code [0x0000021807be0720, 0x0000021807be07f8]
Event: 5.003 Thread 0x000002187e021b50 2296       1       jdk.internal.reflect.NativeMethodAccessorImpl::setParent (6 bytes)
Event: 5.003 Thread 0x000002187e021b50 nmethod 2296 0x0000021807be0890 code [0x0000021807be0a20, 0x0000021807be0b38]
Event: 5.005 Thread 0x000002187e021b50 2297       3       jdk.internal.misc.Unsafe::putIntUnaligned (14 bytes)
Event: 5.006 Thread 0x000002187e021b50 nmethod 2297 0x000002180047ae10 code [0x000002180047afc0, 0x000002180047b218]
Event: 5.054 Thread 0x000002187e021b50 2298   !   3       java.util.jar.Attributes::read (494 bytes)
Event: 5.058 Thread 0x000002187e021b50 nmethod 2298 0x000002180047b310 code [0x000002180047bae0, 0x000002180047f9e8]
Event: 5.058 Thread 0x000002187e021b50 2299       3       sun.nio.fs.WindowsPath::elementAsString (62 bytes)
Event: 5.058 Thread 0x000002187e021b50 nmethod 2299 0x0000021800481310 code [0x0000021800481520, 0x00000218004819c8]
Event: 5.069 Thread 0x000002187e021b50 2301       3       jdk.internal.org.objectweb.asm.FieldVisitor::<init> (88 bytes)
Event: 5.070 Thread 0x000002187e021b50 nmethod 2301 0x0000021800481d10 code [0x0000021800481f60, 0x0000021800482828]

GC Heap History (8 events):
Event: 1.162 GC heap before
{Heap before GC invocations=0 (full 0):
 garbage-first heap   total 98304K, used 26624K [0x0000000080000000, 0x0000000100000000)
  region size 1024K, 23 young (23552K), 0 survivors (0K)
 Metaspace       used 10454K, committed 10624K, reserved 1114112K
  class space    used 1080K, committed 1152K, reserved 1048576K
}
Event: 1.170 GC heap after
{Heap after GC invocations=1 (full 0):
 garbage-first heap   total 98304K, used 10736K [0x0000000080000000, 0x0000000100000000)
  region size 1024K, 3 young (3072K), 3 survivors (3072K)
 Metaspace       used 10454K, committed 10624K, reserved 1114112K
  class space    used 1080K, committed 1152K, reserved 1048576K
}
Event: 2.118 GC heap before
{Heap before GC invocations=1 (full 0):
 garbage-first heap   total 98304K, used 38384K [0x0000000080000000, 0x0000000100000000)
  region size 1024K, 30 young (30720K), 3 survivors (3072K)
 Metaspace       used 11477K, committed 11648K, reserved 1114112K
  class space    used 1198K, committed 1280K, reserved 1048576K
}
Event: 2.124 GC heap after
{Heap after GC invocations=2 (full 0):
 garbage-first heap   total 98304K, used 11529K [0x0000000080000000, 0x0000000100000000)
  region size 1024K, 1 young (1024K), 1 survivors (1024K)
 Metaspace       used 11477K, committed 11648K, reserved 1114112K
  class space    used 1198K, committed 1280K, reserved 1048576K
}
Event: 4.220 GC heap before
{Heap before GC invocations=2 (full 0):
 garbage-first heap   total 98304K, used 58633K [0x0000000080000000, 0x0000000100000000)
  region size 1024K, 47 young (48128K), 1 survivors (1024K)
 Metaspace       used 20964K, committed 21184K, reserved 1114112K
  class space    used 2455K, committed 2560K, reserved 1048576K
}
Event: 4.229 GC heap after
{Heap after GC invocations=3 (full 0):
 garbage-first heap   total 98304K, used 19789K [0x0000000080000000, 0x0000000100000000)
  region size 1024K, 6 young (6144K), 6 survivors (6144K)
 Metaspace       used 20964K, committed 21184K, reserved 1114112K
  class space    used 2455K, committed 2560K, reserved 1048576K
}
Event: 4.266 GC heap before
{Heap before GC invocations=3 (full 0):
 garbage-first heap   total 98304K, used 20813K [0x0000000080000000, 0x0000000100000000)
  region size 1024K, 8 young (8192K), 6 survivors (6144K)
 Metaspace       used 21265K, committed 21504K, reserved 1114112K
  class space    used 2498K, committed 2624K, reserved 1048576K
}
Event: 4.270 GC heap after
{Heap after GC invocations=4 (full 0):
 garbage-first heap   total 98304K, used 20067K [0x0000000080000000, 0x0000000100000000)
  region size 1024K, 1 young (1024K), 1 survivors (1024K)
 Metaspace       used 21265K, committed 21504K, reserved 1114112K
  class space    used 2498K, committed 2624K, reserved 1048576K
}

Dll operation events (3 events):
Event: 0.033 Loaded shared library C:\Users\tapam\AppData\Local\Programs\Android Studio\jbr\bin\java.dll
Event: 0.268 Loaded shared library C:\Users\tapam\AppData\Local\Programs\Android Studio\jbr\bin\zip.dll
Event: 0.715 Loaded shared library C:\Users\tapam\AppData\Local\Programs\Android Studio\jbr\bin\verify.dll

Deoptimization events (20 events):
Event: 4.391 Thread 0x000002187f8415e0 Uncommon trap: trap_request=0xffffff45 fr.pc=0x0000021807b74220 relative=0x00000000000003e0
Event: 4.391 Thread 0x000002187f8415e0 Uncommon trap: reason=unstable_if action=reinterpret pc=0x0000021807b74220 method=java.util.concurrent.ConcurrentHashMap.get(Ljava/lang/Object;)Ljava/lang/Object; @ 152 c2
Event: 4.392 Thread 0x000002187f8415e0 DEOPT PACKING pc=0x0000021807b74220 sp=0x000000f1ac1fb5f0
Event: 4.392 Thread 0x000002187f8415e0 DEOPT UNPACKING pc=0x00000218075869a3 sp=0x000000f1ac1fb578 mode 2
Event: 4.421 Thread 0x000002187f8415e0 Uncommon trap: trap_request=0xffffff45 fr.pc=0x0000021807b7cf38 relative=0x0000000000000198
Event: 4.421 Thread 0x000002187f8415e0 Uncommon trap: reason=unstable_if action=reinterpret pc=0x0000021807b7cf38 method=java.util.WeakHashMap.expungeStaleEntries()V @ 9 c2
Event: 4.421 Thread 0x000002187f8415e0 DEOPT PACKING pc=0x0000021807b7cf38 sp=0x000000f1ac1fb210
Event: 4.421 Thread 0x000002187f8415e0 DEOPT UNPACKING pc=0x00000218075869a3 sp=0x000000f1ac1fb1a8 mode 2
Event: 4.933 Thread 0x000002187f8415e0 Uncommon trap: trap_request=0xffffff45 fr.pc=0x0000021807aec0b8 relative=0x0000000000000198
Event: 4.933 Thread 0x000002187f8415e0 Uncommon trap: reason=unstable_if action=reinterpret pc=0x0000021807aec0b8 method=java.util.regex.Matcher.reset()Ljava/util/regex/Matcher; @ 47 c2
Event: 4.933 Thread 0x000002187f8415e0 DEOPT PACKING pc=0x0000021807aec0b8 sp=0x000000f1ac1fa850
Event: 4.933 Thread 0x000002187f8415e0 DEOPT UNPACKING pc=0x00000218075869a3 sp=0x000000f1ac1fa7e0 mode 2
Event: 5.004 Thread 0x000002187f8415e0 Uncommon trap: trap_request=0xffffff45 fr.pc=0x0000021807aef310 relative=0x0000000000000a90
Event: 5.004 Thread 0x000002187f8415e0 Uncommon trap: reason=unstable_if action=reinterpret pc=0x0000021807aef310 method=java.io.WinNTFileSystem.resolve(Ljava/lang/String;Ljava/lang/String;)Ljava/lang/String; @ 19 c2
Event: 5.004 Thread 0x000002187f8415e0 DEOPT PACKING pc=0x0000021807aef310 sp=0x000000f1ac1fb3e0
Event: 5.004 Thread 0x000002187f8415e0 DEOPT UNPACKING pc=0x00000218075869a3 sp=0x000000f1ac1fb388 mode 2
Event: 5.006 Thread 0x000002187f8415e0 Uncommon trap: trap_request=0xffffff45 fr.pc=0x0000021807b47208 relative=0x00000000000005c8
Event: 5.006 Thread 0x000002187f8415e0 Uncommon trap: reason=unstable_if action=reinterpret pc=0x0000021807b47208 method=java.io.File.getName()Ljava/lang/String; @ 16 c2
Event: 5.006 Thread 0x000002187f8415e0 DEOPT PACKING pc=0x0000021807b47208 sp=0x000000f1ac1fb380
Event: 5.006 Thread 0x000002187f8415e0 DEOPT UNPACKING pc=0x00000218075869a3 sp=0x000000f1ac1fb350 mode 2

Classes unloaded (0 events):
No events

Classes redefined (0 events):
No events

Internal exceptions (20 events):
Event: 4.006 Thread 0x000002187fbb9800 Exception <a 'java/lang/NoSuchMethodError'{0x0000000083748f98}: static Lorg/gradle/internal/classloader/ClassLoaderSpec;.<clinit>()V> (0x0000000083748f98) 
thrown [s\src\hotspot\share\prims\jni.cpp, line 1108]
Event: 4.008 Thread 0x000002187fbb9800 Exception <a 'java/lang/NoSuchMethodError'{0x0000000083752798}: static Lorg/gradle/tooling/internal/provider/serialization/WellKnownClassLoaderRegistry$KnownClassLoaderSpec;.<clinit>()V> (0x0000000083752798) 
thrown [s\src\hotspot\share\prims\jni.cpp, line 1108]
Event: 4.014 Thread 0x000002187fbb9800 Exception <a 'java/lang/NoSuchMethodError'{0x0000000083768538}: static Lorg/gradle/tooling/internal/provider/serialization/ClientOwnedClassLoaderSpec;.<clinit>()V> (0x0000000083768538) 
thrown [s\src\hotspot\share\prims\jni.cpp, line 1108]
Event: 4.146 Thread 0x000002187f8415e0 Exception <a 'java/lang/NoSuchMethodError'{0x00000000834cbf50}: 'long java.lang.invoke.DirectMethodHandle$Holder.invokeInterface(java.lang.Object, java.lang.Object)'> (0x00000000834cbf50) 
thrown [s\src\hotspot\share\interpreter\linkResolver.cpp, line 771]
Event: 4.154 Thread 0x000002187f8415e0 Exception <a 'java/lang/NoSuchMethodError'{0x0000000083308530}: 'java.lang.Object java.lang.invoke.DirectMethodHandle$Holder.invokeVirtual(java.lang.Object, java.lang.Object, java.lang.Object)'> (0x0000000083308530) 
thrown [s\src\hotspot\share\interpreter\linkResolver.cpp, line 771]
Event: 4.248 Thread 0x000002187f8415e0 Exception <a 'java/lang/NoSuchMethodError'{0x0000000085ffb330}: 'void java.lang.invoke.DirectMethodHandle$Holder.invokeStatic(java.lang.Object, java.lang.Object)'> (0x0000000085ffb330) 
thrown [s\src\hotspot\share\interpreter\linkResolver.cpp, line 771]
Event: 4.377 Thread 0x000002187f8415e0 Exception <a 'java/lang/NoSuchMethodError'{0x000000008473afb8}: 'java.lang.Object java.lang.invoke.DirectMethodHandle$Holder.newInvokeSpecial(java.lang.Object, java.lang.Object, java.lang.Object, java.lang.Object, java.lang.Object)'> (0x000000008473afb8) 
thrown [s\src\hotspot\share\interpreter\linkResolver.cpp, line 771]
Event: 4.535 Thread 0x000002187f8415e0 Exception <a 'java/lang/NoSuchMethodError'{0x0000000084595548}: 'void java.lang.invoke.DirectMethodHandle$Holder.invokeSpecial(java.lang.Object, java.lang.Object, java.lang.Object)'> (0x0000000084595548) 
thrown [s\src\hotspot\share\interpreter\linkResolver.cpp, line 771]
Event: 4.559 Thread 0x000002187f8415e0 Exception <a 'java/lang/NoSuchMethodError'{0x0000000084443e68}: 'java.lang.Object java.lang.invoke.DirectMethodHandle$Holder.newInvokeSpecial(java.lang.Object, java.lang.Object, java.lang.Object, java.lang.Object, java.lang.Object, java.lang.Object)'> (0x0000000084443e68) 
thrown [s\src\hotspot\share\interpreter\linkResolver.cpp, line 771]
Event: 4.562 Thread 0x000002187f8415e0 Exception <a 'java/lang/NoSuchMethodError'{0x000000008445baa8}: 'void java.lang.invoke.DirectMethodHandle$Holder.invokeSpecial(java.lang.Object, java.lang.Object, java.lang.Object, java.lang.Object, java.lang.Object)'> (0x000000008445baa8) 
thrown [s\src\hotspot\share\interpreter\linkResolver.cpp, line 771]
Event: 4.564 Thread 0x000002187f8415e0 Exception <a 'java/lang/NoSuchMethodError'{0x0000000084473cd8}: 'void java.lang.invoke.DirectMethodHandle$Holder.invokeStaticInit(java.lang.Object, java.lang.Object)'> (0x0000000084473cd8) 
thrown [s\src\hotspot\share\interpreter\linkResolver.cpp, line 771]
Event: 4.657 Thread 0x000002187f8415e0 Exception <a 'java/lang/NoSuchMethodError'{0x000000008412bee8}: 'void java.lang.invoke.DelegatingMethodHandle$Holder.reinvoke_L(java.lang.Object, java.lang.Object, java.lang.Object, java.lang.Object, java.lang.Object, java.lang.Object, java.lang.Object, java.lang.Object, java.lang.Object, java.lang.Object)'> (0x000000008412bee8) 
thrown [s\src\hotspot\share\interpreter\linkResolver.cpp, line 771]
Event: 4.658 Thread 0x000002187f8415e0 Exception <a 'java/lang/NoSuchMethodError'{0x0000000084134498}: 'java.lang.Object java.lang.invoke.DirectMethodHandle$Holder.invokeSpecial(java.lang.Object, java.lang.Object, java.lang.Object, java.lang.Object, java.lang.Object, java.lang.Object, java.lang.Object, java.lang.Object, java.lang.Object, java.lang.Object)'> (0x0000000084134498) 
thrown [s\src\hotspot\share\interpreter\linkResolver.cpp, line 771]
Event: 4.659 Thread 0x000002187f8415e0 Exception <a 'java/lang/NoSuchMethodError'{0x0000000084138d68}: 'java.lang.Object java.lang.invoke.Invokers$Holder.invoker(java.lang.Object, java.lang.Object, java.lang.Object, java.lang.Object, java.lang.Object, java.lang.Object, java.lang.Object, java.lang.Object, java.lang.Object, java.lang.Object)'> (0x0000000084138d68) 
thrown [s\src\hotspot\share\interpreter\linkResolver.cpp, line 771]
Event: 4.659 Thread 0x000002187f8415e0 Exception <a 'java/lang/NoSuchMethodError'{0x000000008413e970}: 'java.lang.Object java.lang.invoke.DirectMethodHandle$Holder.invokeSpecial(java.lang.Object, java.lang.Object, java.lang.Object, java.lang.Object, java.lang.Object, java.lang.Object, java.lang.Object, java.lang.Object, java.lang.Object, java.lang.Object, java.lang.Object)'> (0x000000008413e970) 
thrown [s\src\hotspot\share\interpreter\linkResolver.cpp, line 771]
Event: 4.880 Thread 0x000002187f8415e0 Exception <a 'java/lang/NoSuchMethodError'{0x0000000083b15260}: 'void java.lang.invoke.DirectMethodHandle$Holder.invokeStaticInit(java.lang.Object)'> (0x0000000083b15260) 
thrown [s\src\hotspot\share\interpreter\linkResolver.cpp, line 771]
Event: 4.895 Thread 0x000002187f8415e0 Exception <a 'java/lang/NoSuchMethodError'{0x0000000083bc8410}: 'java.lang.Object java.lang.invoke.DirectMethodHandle$Holder.newInvokeSpecial(java.lang.Object, java.lang.Object, java.lang.Object, int)'> (0x0000000083bc8410) 
thrown [s\src\hotspot\share\interpreter\linkResolver.cpp, line 771]
Event: 4.896 Thread 0x000002187f8415e0 Exception <a 'java/lang/NoSuchMethodError'{0x0000000083bccd40}: 'java.lang.Object java.lang.invoke.DirectMethodHandle$Holder.invokeSpecial(java.lang.Object, java.lang.Object, java.lang.Object, java.lang.Object, int)'> (0x0000000083bccd40) 
thrown [s\src\hotspot\share\interpreter\linkResolver.cpp, line 771]
Event: 4.896 Thread 0x000002187f8415e0 Exception <a 'java/lang/NoSuchMethodError'{0x0000000083bd0e58}: 'java.lang.Object java.lang.invoke.Invokers$Holder.linkToTargetMethod(java.lang.Object, java.lang.Object, int, java.lang.Object)'> (0x0000000083bd0e58) 
thrown [s\src\hotspot\share\interpreter\linkResolver.cpp, line 771]
Event: 5.065 Thread 0x000002187f8415e0 Exception <a 'java/lang/NoSuchMethodError'{0x000000008369e020}: 'int java.lang.invoke.DirectMethodHandle$Holder.invokeVirtual(java.lang.Object, java.lang.Object, java.lang.Object)'> (0x000000008369e020) 
thrown [s\src\hotspot\share\interpreter\linkResolver.cpp, line 771]

VM Operations (20 events):
Event: 2.961 Executing VM operation: HandshakeAllThreads
Event: 2.961 Executing VM operation: HandshakeAllThreads done
Event: 3.066 Executing VM operation: HandshakeAllThreads
Event: 3.066 Executing VM operation: HandshakeAllThreads done
Event: 3.230 Executing VM operation: HandshakeAllThreads
Event: 3.230 Executing VM operation: HandshakeAllThreads done
Event: 3.230 Executing VM operation: Cleanup
Event: 3.230 Executing VM operation: Cleanup done
Event: 3.585 Executing VM operation: HandshakeAllThreads
Event: 3.585 Executing VM operation: HandshakeAllThreads done
Event: 3.847 Executing VM operation: HandshakeAllThreads
Event: 3.847 Executing VM operation: HandshakeAllThreads done
Event: 4.220 Executing VM operation: G1CollectForAllocation
Event: 4.229 Executing VM operation: G1CollectForAllocation done
Event: 4.266 Executing VM operation: CollectForMetadataAllocation
Event: 4.270 Executing VM operation: CollectForMetadataAllocation done
Event: 4.287 Executing VM operation: G1PauseRemark
Event: 4.298 Executing VM operation: G1PauseRemark done
Event: 4.309 Executing VM operation: G1PauseCleanup
Event: 4.309 Executing VM operation: G1PauseCleanup done

Events (20 events):
Event: 4.934 loading class java/lang/Character$CharacterCache done
Event: 4.958 Thread 0x000002187f842a20 Thread added: 0x000002187f842a20
Event: 4.979 loading class sun/security/provider/MD5
Event: 4.980 loading class sun/security/provider/MD5 done
Event: 4.980 loading class sun/security/provider/SHA5$SHA512
Event: 4.980 loading class sun/security/provider/SHA5
Event: 4.981 loading class sun/security/provider/SHA5 done
Event: 4.981 loading class sun/security/provider/SHA5$SHA512 done
Event: 4.982 loading class sun/security/provider/ByteArrayAccess$LE
Event: 4.982 loading class sun/security/provider/ByteArrayAccess$LE done
Event: 5.005 loading class java/io/File$TempDirectory
Event: 5.005 loading class java/io/File$TempDirectory done
Event: 5.011 loading class java/io/PrintWriter
Event: 5.011 loading class java/io/PrintWriter done
Event: 5.059 loading class java/nio/file/FileVisitor
Event: 5.059 loading class java/nio/file/FileVisitor done
Event: 5.060 loading class java/io/FilenameFilter
Event: 5.060 loading class java/io/FilenameFilter done
Event: 5.060 loading class java/util/zip/CheckedInputStream
Event: 5.060 loading class java/util/zip/CheckedInputStream done


Dynamic libraries:
0x00007ff667dd0000 - 0x00007ff667dda000 	C:\Users\tapam\AppData\Local\Programs\Android Studio\jbr\bin\java.exe
0x00007ffadfe10000 - 0x00007ffae0008000 	C:\Windows\SYSTEM32\ntdll.dll
0x00007ffadf180000 - 0x00007ffadf23d000 	C:\Windows\System32\KERNEL32.DLL
0x00007ffadda70000 - 0x00007ffaddd66000 	C:\Windows\System32\KERNELBASE.dll
0x00007ffadd7e0000 - 0x00007ffadd8e0000 	C:\Windows\System32\ucrtbase.dll
0x00007ffacb030000 - 0x00007ffacb047000 	C:\Users\tapam\AppData\Local\Programs\Android Studio\jbr\bin\jli.dll
0x00007ffad9240000 - 0x00007ffad925b000 	C:\Users\tapam\AppData\Local\Programs\Android Studio\jbr\bin\VCRUNTIME140.dll
0x00007ffade860000 - 0x00007ffade9ff000 	C:\Windows\System32\USER32.dll
0x00007ffadda40000 - 0x00007ffadda62000 	C:\Windows\System32\win32u.dll
0x00007ffacad70000 - 0x00007ffacb00a000 	C:\Windows\WinSxS\amd64_microsoft.windows.common-controls_6595b64144ccf1df_6.0.19041.4355_none_60b8b9eb71f62e16\COMCTL32.dll
0x00007ffadf350000 - 0x00007ffadf37b000 	C:\Windows\System32\GDI32.dll
0x00007ffadd670000 - 0x00007ffadd787000 	C:\Windows\System32\gdi32full.dll
0x00007ffadd540000 - 0x00007ffadd5dd000 	C:\Windows\System32\msvcp_win.dll
0x00007ffadea00000 - 0x00007ffadea9e000 	C:\Windows\System32\msvcrt.dll
0x00007ffadf3e0000 - 0x00007ffadf40f000 	C:\Windows\System32\IMM32.DLL
0x00007fface750000 - 0x00007fface75c000 	C:\Users\tapam\AppData\Local\Programs\Android Studio\jbr\bin\vcruntime140_1.dll
0x00007ffaacfd0000 - 0x00007ffaad05d000 	C:\Users\tapam\AppData\Local\Programs\Android Studio\jbr\bin\msvcp140.dll
0x00007ffaad060000 - 0x00007ffaadce3000 	C:\Users\tapam\AppData\Local\Programs\Android Studio\jbr\bin\server\jvm.dll
0x00007ffadf480000 - 0x00007ffadf530000 	C:\Windows\System32\ADVAPI32.dll
0x00007ffade260000 - 0x00007ffade300000 	C:\Windows\System32\sechost.dll
0x00007ffadf530000 - 0x00007ffadf653000 	C:\Windows\System32\RPCRT4.dll
0x00007ffaddd70000 - 0x00007ffaddd97000 	C:\Windows\System32\bcrypt.dll
0x00007ffadd320000 - 0x00007ffadd36b000 	C:\Windows\SYSTEM32\POWRPROF.dll
0x00007ffabe070000 - 0x00007ffabe079000 	C:\Windows\SYSTEM32\WSOCK32.dll
0x00007ffad0ce0000 - 0x00007ffad0d07000 	C:\Windows\SYSTEM32\WINMM.dll
0x00007ffad10d0000 - 0x00007ffad10da000 	C:\Windows\SYSTEM32\VERSION.dll
0x00007ffadf410000 - 0x00007ffadf47b000 	C:\Windows\System32\WS2_32.dll
0x00007ffadd300000 - 0x00007ffadd312000 	C:\Windows\SYSTEM32\UMPDC.dll
0x00007ffadb310000 - 0x00007ffadb322000 	C:\Windows\SYSTEM32\kernel.appcore.dll
0x00007ffad9190000 - 0x00007ffad919a000 	C:\Users\tapam\AppData\Local\Programs\Android Studio\jbr\bin\jimage.dll
0x00007ffad3220000 - 0x00007ffad3404000 	C:\Windows\SYSTEM32\DBGHELP.DLL
0x00007ffac6a90000 - 0x00007ffac6ac4000 	C:\Windows\SYSTEM32\dbgcore.DLL
0x00007ffadd5e0000 - 0x00007ffadd662000 	C:\Windows\System32\bcryptPrimitives.dll
0x00007ffad2e50000 - 0x00007ffad2e5e000 	C:\Users\tapam\AppData\Local\Programs\Android Studio\jbr\bin\instrument.dll
0x00007fface5d0000 - 0x00007fface5f5000 	C:\Users\tapam\AppData\Local\Programs\Android Studio\jbr\bin\java.dll
0x00007ffad86e0000 - 0x00007ffad86f8000 	C:\Users\tapam\AppData\Local\Programs\Android Studio\jbr\bin\zip.dll
0x00007ffadf660000 - 0x00007ffadfdcc000 	C:\Windows\System32\SHELL32.dll
0x00007ffadb510000 - 0x00007ffadbcad000 	C:\Windows\SYSTEM32\windows.storage.dll
0x00007ffade3d0000 - 0x00007ffade723000 	C:\Windows\System32\combase.dll
0x00007ffadcd40000 - 0x00007ffadcd6e000 	C:\Windows\SYSTEM32\Wldp.dll
0x00007ffaddfe0000 - 0x00007ffade0ad000 	C:\Windows\System32\OLEAUT32.dll
0x00007ffadde50000 - 0x00007ffaddefd000 	C:\Windows\System32\SHCORE.dll
0x00007ffade370000 - 0x00007ffade3c5000 	C:\Windows\System32\shlwapi.dll
0x00007ffadd400000 - 0x00007ffadd424000 	C:\Windows\SYSTEM32\profapi.dll
0x00007ffad6320000 - 0x00007ffad6339000 	C:\Users\tapam\AppData\Local\Programs\Android Studio\jbr\bin\net.dll
0x00007ffad5410000 - 0x00007ffad551a000 	C:\Windows\SYSTEM32\WINHTTP.dll
0x00007ffadcb20000 - 0x00007ffadcb8a000 	C:\Windows\system32\mswsock.dll
0x00007fface5b0000 - 0x00007fface5c6000 	C:\Users\tapam\AppData\Local\Programs\Android Studio\jbr\bin\nio.dll
0x00007ffad5700000 - 0x00007ffad5710000 	C:\Users\tapam\AppData\Local\Programs\Android Studio\jbr\bin\verify.dll
0x00007ffaca250000 - 0x00007ffaca277000 	C:\Users\tapam\.gradle\native\c067742578af261105cb4f569cf0c3c89f3d7b1fecec35dd04571415982c5e48\windows-amd64\native-platform.dll
0x00007ffaafcb0000 - 0x00007ffaafdf4000 	C:\Users\tapam\.gradle\native\38dada09dfb8b06ba9b0570ebf7e218e3eb74d4ef43ca46872605cf95ebc2f47\windows-amd64\native-platform-file-events.dll
0x00007ffad8710000 - 0x00007ffad8719000 	C:\Users\tapam\AppData\Local\Programs\Android Studio\jbr\bin\management.dll
0x00007ffad5870000 - 0x00007ffad587b000 	C:\Users\tapam\AppData\Local\Programs\Android Studio\jbr\bin\management_ext.dll
0x00007ffade300000 - 0x00007ffade308000 	C:\Windows\System32\PSAPI.DLL
0x00007ffadcd80000 - 0x00007ffadcd98000 	C:\Windows\SYSTEM32\CRYPTSP.dll
0x00007ffadc460000 - 0x00007ffadc494000 	C:\Windows\system32\rsaenh.dll
0x00007ffadd3b0000 - 0x00007ffadd3de000 	C:\Windows\SYSTEM32\USERENV.dll
0x00007ffadccb0000 - 0x00007ffadccbc000 	C:\Windows\SYSTEM32\CRYPTBASE.dll
0x00007ffadc820000 - 0x00007ffadc85b000 	C:\Windows\SYSTEM32\IPHLPAPI.DLL
0x00007ffadf170000 - 0x00007ffadf178000 	C:\Windows\System32\NSI.dll
0x00007ffad8180000 - 0x00007ffad8197000 	C:\Windows\SYSTEM32\dhcpcsvc6.DLL
0x00007ffad80b0000 - 0x00007ffad80cd000 	C:\Windows\SYSTEM32\dhcpcsvc.DLL
0x00007ffadc860000 - 0x00007ffadc92a000 	C:\Windows\SYSTEM32\DNSAPI.dll
0x00007ffad9180000 - 0x00007ffad9189000 	C:\Users\tapam\AppData\Local\Programs\Android Studio\jbr\bin\extnet.dll
0x00007ffad8660000 - 0x00007ffad8667000 	C:\Windows\system32\wshunix.dll

dbghelp: loaded successfully - version: 4.0.5 - missing functions: none
symbol engine: initialized successfully - sym options: 0x614 - pdb path: .;C:\Users\tapam\AppData\Local\Programs\Android Studio\jbr\bin;C:\Windows\SYSTEM32;C:\Windows\WinSxS\amd64_microsoft.windows.common-controls_6595b64144ccf1df_6.0.19041.4355_none_60b8b9eb71f62e16;C:\Users\tapam\AppData\Local\Programs\Android Studio\jbr\bin\server;C:\Users\tapam\.gradle\native\c067742578af261105cb4f569cf0c3c89f3d7b1fecec35dd04571415982c5e48\windows-amd64;C:\Users\tapam\.gradle\native\38dada09dfb8b06ba9b0570ebf7e218e3eb74d4ef43ca46872605cf95ebc2f47\windows-amd64

VM Arguments:
jvm_args: --add-opens=java.base/java.util=ALL-UNNAMED --add-opens=java.base/java.lang=ALL-UNNAMED --add-opens=java.base/java.lang.invoke=ALL-UNNAMED --add-opens=java.prefs/java.util.prefs=ALL-UNNAMED --add-opens=java.base/java.nio.charset=ALL-UNNAMED --add-opens=java.base/java.net=ALL-UNNAMED --add-opens=java.base/java.util.concurrent.atomic=ALL-UNNAMED -Xmx2048m -Dfile.encoding=UTF-8 -Duser.country=RU -Duser.language=ru -Duser.variant -javaagent:C:\Users\tapam\.gradle\wrapper\dists\gradle-8.7-bin\bhs2wmbdwecv87pi65oeuq5iu\gradle-8.7\lib\agents\gradle-instrumentation-agent-8.7.jar 
java_command: org.gradle.launcher.daemon.bootstrap.GradleDaemon 8.7
java_class_path (initial): C:\Users\tapam\.gradle\wrapper\dists\gradle-8.7-bin\bhs2wmbdwecv87pi65oeuq5iu\gradle-8.7\lib\gradle-launcher-8.7.jar
Launcher Type: SUN_STANDARD

[Global flags]
     intx CICompilerCount                          = 4                                         {product} {ergonomic}
     uint ConcGCThreads                            = 2                                         {product} {ergonomic}
     uint G1ConcRefinementThreads                  = 8                                         {product} {ergonomic}
   size_t G1HeapRegionSize                         = 1048576                                   {product} {ergonomic}
    uintx GCDrainStackTargetSize                   = 64                                        {product} {ergonomic}
   size_t InitialHeapSize                          = 100663296                                 {product} {ergonomic}
   size_t MarkStackSize                            = 4194304                                   {product} {ergonomic}
   size_t MaxHeapSize                              = 2147483648                                {product} {command line}
   size_t MaxNewSize                               = 1287651328                                {product} {ergonomic}
   size_t MinHeapDeltaBytes                        = 1048576                                   {product} {ergonomic}
   size_t MinHeapSize                              = 8388608                                   {product} {ergonomic}
    uintx NonNMethodCodeHeapSize                   = 5839372                                {pd product} {ergonomic}
    uintx NonProfiledCodeHeapSize                  = 122909434                              {pd product} {ergonomic}
    uintx ProfiledCodeHeapSize                     = 122909434                              {pd product} {ergonomic}
    uintx ReservedCodeCacheSize                    = 251658240                              {pd product} {ergonomic}
     bool SegmentedCodeCache                       = true                                      {product} {ergonomic}
   size_t SoftMaxHeapSize                          = 2147483648                             {manageable} {ergonomic}
     bool UseCompressedClassPointers               = true                           {product lp64_product} {ergonomic}
     bool UseCompressedOops                        = true                           {product lp64_product} {ergonomic}
     bool UseG1GC                                  = true                                      {product} {ergonomic}
     bool UseLargePagesIndividualAllocation        = false                                  {pd product} {ergonomic}

Logging:
Log output configuration:
 #0: stdout all=warning uptime,level,tags
 #1: stderr all=off uptime,level,tags

Environment Variables:
JAVA_HOME=C:\Users\tapam\.jdks\openjdk-18
PATH=C:\Program Files\Common Files\Oracle\Java\javapath;C:\Program Files (x86)\Common Files\Oracle\Java\javapath;C:\Windows\system32;C:\Windows;C:\Windows\System32\Wbem;C:\Windows\System32\WindowsPowerShell\v1.0\;C:\Windows\System32\OpenSSH\;C:\masm32\bin;%PyCharm Community Edition%;C:\Program Files\Git\cmd;C:\Program Files\PuTTY\;C:\Program Files (x86)\dotnet\;C:\Program Files\nodejs\;C:\Program Files\dotnet\;C:\Program Files\mosquitto;;C:\Program Files\Docker\Docker\resources\bin;C:\Program Files (x86)\Geth;C:\Users\tapam\AppData\Local\JetBrains\Toolbox\scripts
USERNAME=tapam
OS=Windows_NT
PROCESSOR_IDENTIFIER=AMD64 Family 23 Model 24 Stepping 1, AuthenticAMD
TMP=C:\Users\tapam\AppData\Local\Temp
TEMP=C:\Users\tapam\AppData\Local\Temp



Periodic native trim disabled

JNI global refs:
JNI global refs: 25, weak refs: 0

JNI global refs memory usage: 843, weak refs: 841

OOME stack traces (most recent first):
Classloader memory used:
Loader bootstrap                                                                       : 1928K
Loader org.gradle.internal.classloader.VisitableURLClassLoader                         : 1076K
Loader org.gradle.initialization.MixInLegacyTypesClassLoader                           : 72019B
Loader jdk.internal.loader.ClassLoaders$AppClassLoader                                 : 28747B
Loader jdk.internal.loader.ClassLoaders$PlatformClassLoader                            : 16827B
Loader jdk.internal.reflect.DelegatingClassLoader                                      : 6327B

Classes loaded by more than one classloader:
Class org.gradle.internal.installation.GradleInstallation                             : loaded 2 times (x 73B)
Class org.gradle.internal.classpath.ClassPath                                         : loaded 2 times (x 68B)
Class org.gradle.api.internal.classpath.DefaultModuleRegistry                         : loaded 2 times (x 84B)
Class org.gradle.api.Action                                                           : loaded 2 times (x 68B)
Class org.gradle.api.internal.DefaultClassPathProvider                                : loaded 2 times (x 74B)
Class org.gradle.internal.installation.GradleInstallation$1                           : loaded 2 times (x 73B)
Class org.gradle.internal.classloader.FilteringClassLoader                            : loaded 2 times (x 103B)
Class org.gradle.internal.classpath.DefaultClassPath$ImmutableUniqueList$Builder      : loaded 2 times (x 73B)
Class org.gradle.internal.classloader.ClassLoaderVisitor                              : loaded 2 times (x 74B)
Class org.gradle.internal.service.DefaultServiceLocator                               : loaded 2 times (x 81B)
Class org.gradle.internal.service.UnknownServiceException                             : loaded 2 times (x 81B)
Class org.gradle.internal.classloader.DefaultClassLoaderFactory                       : loaded 2 times (x 80B)
Class org.gradle.internal.classloader.VisitableURLClassLoader$Spec                    : loaded 2 times (x 72B)
Class org.gradle.api.GradleException                                                  : loaded 2 times (x 80B)
Class org.gradle.api.internal.classpath.ModuleRegistry                                : loaded 2 times (x 68B)
Class org.gradle.api.internal.ClassPathProvider                                       : loaded 2 times (x 68B)
Class org.gradle.internal.classloader.ClasspathUtil$1                                 : loaded 2 times (x 74B)
Class org.gradle.internal.classloader.ClassLoaderFactory                              : loaded 2 times (x 68B)
Class org.gradle.api.internal.classpath.ManifestUtil                                  : loaded 2 times (x 69B)
Class org.gradle.api.specs.Spec                                                       : loaded 2 times (x 68B)
Class org.gradle.internal.IoActions                                                   : loaded 2 times (x 69B)
Class org.gradle.api.internal.classpath.EffectiveClassPath                            : loaded 2 times (x 88B)
Class org.gradle.internal.installation.CurrentGradleInstallation                      : loaded 2 times (x 71B)
Class org.gradle.internal.agents.InstrumentingClassLoader                             : loaded 2 times (x 68B)
Class org.gradle.internal.installation.CurrentGradleInstallationLocator               : loaded 2 times (x 69B)
Class org.gradle.api.internal.classpath.Module                                        : loaded 2 times (x 68B)
Class org.gradle.internal.service.CachingServiceLocator                               : loaded 2 times (x 80B)
Class org.gradle.internal.classpath.DefaultClassPath                                  : loaded 2 times (x 88B)
Class org.gradle.internal.classloader.SystemClassLoaderSpec                           : loaded 2 times (x 69B)
Class org.gradle.api.UncheckedIOException                                             : loaded 2 times (x 80B)
Class org.gradle.internal.classloader.ClasspathUtil                                   : loaded 2 times (x 69B)
Class org.gradle.api.internal.DefaultClassPathRegistry                                : loaded 2 times (x 74B)
Class org.gradle.api.internal.classpath.DefaultModuleRegistry$DefaultModule           : loaded 2 times (x 84B)
Class org.gradle.api.internal.classpath.UnknownModuleException                        : loaded 2 times (x 80B)
Class org.gradle.internal.service.ServiceLookupException                              : loaded 2 times (x 80B)
Class org.gradle.cache.GlobalCache                                                    : loaded 2 times (x 68B)
Class [Lorg.gradle.api.internal.ClassPathProvider;                                    : loaded 2 times (x 67B)
Class org.gradle.util.internal.GUtil                                                  : loaded 2 times (x 69B)
Class org.gradle.internal.classloader.ClassLoaderSpec                                 : loaded 2 times (x 69B)
Class org.gradle.internal.classloader.VisitableURLClassLoader                         : loaded 2 times (x 115B)
Class org.gradle.internal.Cast                                                        : loaded 2 times (x 69B)
Class org.gradle.api.internal.ClassPathRegistry                                       : loaded 2 times (x 68B)
Class org.gradle.internal.classloader.VisitableURLClassLoader$InstrumentingVisitableURLClassLoader: loaded 2 times (x 121B)
Class org.gradle.internal.classloader.ClassLoaderHierarchy                            : loaded 2 times (x 68B)
Class org.gradle.internal.InternalTransformer                                         : loaded 2 times (x 68B)
Class org.gradle.internal.service.ServiceLocator                                      : loaded 2 times (x 68B)
Class org.gradle.internal.classpath.DefaultClassPath$ImmutableUniqueList              : loaded 2 times (x 159B)
Class org.gradle.internal.classpath.TransformedClassPath                              : loaded 2 times (x 94B)


---------------  S Y S T E M  ---------------

OS:
 Windows 10 , 64 bit Build 19041 (10.0.19041.3636)
OS uptime: 0 days 6:02 hours
Hyper-V role detected

CPU: total 8 (initial active 8) (8 cores per cpu, 2 threads per core) family 23 model 24 stepping 1 microcode 0x0, cx8, cmov, fxsr, ht, mmx, 3dnowpref, sse, sse2, sse3, ssse3, sse4a, sse4.1, sse4.2, popcnt, lzcnt, tsc, tscinvbit, avx, avx2, aes, clmul, bmi1, bmi2, adx, sha, fma, vzeroupper, clflush, clflushopt, hv
Processor Information for all 8 processors :
  Max Mhz: 2100, Current Mhz: 2100, Mhz Limit: 2100

Memory: 4k page, system-wide physical 6089M (148M free)
TotalPageFile size 24521M (AvailPageFile size 6M)
current process WorkingSet (physical memory assigned to process): 150M, peak: 150M
current process commit charge ("private bytes"): 214M, peak: 218M

vm_info: OpenJDK 64-Bit Server VM (17.0.10+0--11609105) for windows-amd64 JRE (17.0.10+0--11609105), built on Mar 21 2024 19:10:56 by "androidbuild" with MS VC++ 16.10 / 16.11 (VS2019)

END.
